26-Jul-2021 12:12:25.419 INFORMAÇÕES [main] org.apache.catalina.startup.VersionLoggerListener.log Server version name:   Apache Tomcat/9.0.41
26-Jul-2021 12:12:25.419 INFORMAÇÕES [main] org.apache.catalina.startup.VersionLoggerListener.log Server built:          Dec 3 2020 11:43:00 UTC
26-Jul-2021 12:12:25.419 INFORMAÇÕES [main] org.apache.catalina.startup.VersionLoggerListener.log Server version number: 9.0.41.0
26-Jul-2021 12:12:25.419 INFORMAÇÕES [main] org.apache.catalina.startup.VersionLoggerListener.log OS Name:               Windows 10
26-Jul-2021 12:12:25.419 INFORMAÇÕES [main] org.apache.catalina.startup.VersionLoggerListener.log OS Version:            10.0
26-Jul-2021 12:12:25.419 INFORMAÇÕES [main] org.apache.catalina.startup.VersionLoggerListener.log Architecture:          amd64
26-Jul-2021 12:12:25.419 INFORMAÇÕES [main] org.apache.catalina.startup.VersionLoggerListener.log Java Home:             C:\Program Files\Java\jdk1.8.0_202\jre
26-Jul-2021 12:12:25.419 INFORMAÇÕES [main] org.apache.catalina.startup.VersionLoggerListener.log JVM Version:           1.8.0_202-b08
26-Jul-2021 12:12:25.419 INFORMAÇÕES [main] org.apache.catalina.startup.VersionLoggerListener.log JVM Vendor:            Oracle Corporation
26-Jul-2021 12:12:25.419 INFORMAÇÕES [main] org.apache.catalina.startup.VersionLoggerListener.log CATALINA_BASE:         C:\Users\USUARIO\Downloads\apache-tomcat-9.0.41-windows-x86\apache-tomcat-9.0.41
26-Jul-2021 12:12:25.419 INFORMAÇÕES [main] org.apache.catalina.startup.VersionLoggerListener.log CATALINA_HOME:         C:\Users\USUARIO\Downloads\apache-tomcat-9.0.41-windows-x86\apache-tomcat-9.0.41
26-Jul-2021 12:12:25.419 INFORMAÇÕES [main] org.apache.catalina.startup.VersionLoggerListener.log Command line argument: -Djava.util.logging.config.file=C:\Users\USUARIO\Downloads\apache-tomcat-9.0.41-windows-x86\apache-tomcat-9.0.41\conf\logging.properties
26-Jul-2021 12:12:25.419 INFORMAÇÕES [main] org.apache.catalina.startup.VersionLoggerListener.log Command line argument: -Djava.util.logging.manager=org.apache.juli.ClassLoaderLogManager
26-Jul-2021 12:12:25.419 INFORMAÇÕES [main] org.apache.catalina.startup.VersionLoggerListener.log Command line argument: -Dhttp.nonProxyHosts=localhost|127.0.0.1|DESKTOP-LAI5ES6
26-Jul-2021 12:12:25.419 INFORMAÇÕES [main] org.apache.catalina.startup.VersionLoggerListener.log Command line argument: -Djdk.tls.ephemeralDHKeySize=2048
26-Jul-2021 12:12:25.419 INFORMAÇÕES [main] org.apache.catalina.startup.VersionLoggerListener.log Command line argument: -Djava.protocol.handler.pkgs=org.apache.catalina.webresources
26-Jul-2021 12:12:25.419 INFORMAÇÕES [main] org.apache.catalina.startup.VersionLoggerListener.log Command line argument: -Dignore.endorsed.dirs=
26-Jul-2021 12:12:25.419 INFORMAÇÕES [main] org.apache.catalina.startup.VersionLoggerListener.log Command line argument: -Dcatalina.base=C:\Users\USUARIO\Downloads\apache-tomcat-9.0.41-windows-x86\apache-tomcat-9.0.41
26-Jul-2021 12:12:25.419 INFORMAÇÕES [main] org.apache.catalina.startup.VersionLoggerListener.log Command line argument: -Dcatalina.home=C:\Users\USUARIO\Downloads\apache-tomcat-9.0.41-windows-x86\apache-tomcat-9.0.41
26-Jul-2021 12:12:25.419 INFORMAÇÕES [main] org.apache.catalina.startup.VersionLoggerListener.log Command line argument: -Djava.io.tmpdir=C:\Users\USUARIO\Downloads\apache-tomcat-9.0.41-windows-x86\apache-tomcat-9.0.41\temp
26-Jul-2021 12:12:25.434 ADVERTÊNCIA [main] org.apache.catalina.core.AprLifecycleListener.init The Apache Tomcat Native library failed to load. The error reported was [C:\Users\USUARIO\Downloads\apache-tomcat-9.0.41-windows-x86\apache-tomcat-9.0.41\bin\tcnative-1.dll: Can't load IA 32-bit .dll on a AMD 64-bit platform]
	java.lang.UnsatisfiedLinkError: C:\Users\USUARIO\Downloads\apache-tomcat-9.0.41-windows-x86\apache-tomcat-9.0.41\bin\tcnative-1.dll: Can't load IA 32-bit .dll on a AMD 64-bit platform
		at java.lang.ClassLoader$NativeLibrary.load(Native Method)
		at java.lang.ClassLoader.loadLibrary0(ClassLoader.java:1941)
		at java.lang.ClassLoader.loadLibrary(ClassLoader.java:1824)
		at java.lang.Runtime.load0(Runtime.java:809)
		at java.lang.System.load(System.java:1086)
		at org.apache.tomcat.jni.Library.<init>(Library.java:42)
		at org.apache.tomcat.jni.Library.initialize(Library.java:206)
		at org.apache.catalina.core.AprLifecycleListener.init(AprLifecycleListener.java:193)
		at org.apache.catalina.core.AprLifecycleListener.lifecycleEvent(AprLifecycleListener.java:124)
		at org.apache.catalina.util.LifecycleBase.fireLifecycleEvent(LifecycleBase.java:123)
		at org.apache.catalina.util.LifecycleBase.setStateInternal(LifecycleBase.java:423)
		at org.apache.catalina.util.LifecycleBase.init(LifecycleBase.java:135)
		at org.apache.catalina.startup.Catalina.load(Catalina.java:724)
		at org.apache.catalina.startup.Catalina.load(Catalina.java:746)
		at sun.reflect.NativeMethodAccessorImpl.invoke0(Native Method)
		at sun.reflect.NativeMethodAccessorImpl.invoke(NativeMethodAccessorImpl.java:62)
		at sun.reflect.DelegatingMethodAccessorImpl.invoke(DelegatingMethodAccessorImpl.java:43)
		at java.lang.reflect.Method.invoke(Method.java:498)
		at org.apache.catalina.startup.Bootstrap.load(Bootstrap.java:302)
		at org.apache.catalina.startup.Bootstrap.main(Bootstrap.java:472)
26-Jul-2021 12:12:26.373 INFORMAÇÕES [main] org.apache.coyote.AbstractProtocol.init Initializing ProtocolHandler ["http-nio-8080"]
26-Jul-2021 12:12:26.558 INFORMAÇÕES [main] org.apache.catalina.startup.Catalina.load Server initialization in [1443] milliseconds
26-Jul-2021 12:12:26.621 INFORMAÇÕES [main] org.apache.catalina.core.StandardService.startInternal Starting service [Catalina]
26-Jul-2021 12:12:26.621 INFORMAÇÕES [main] org.apache.catalina.core.StandardEngine.startInternal Starting Servlet engine: [Apache Tomcat/9.0.41]
26-Jul-2021 12:12:26.643 INFORMAÇÕES [main] org.apache.catalina.startup.HostConfig.deployDescriptor Deploying deployment descriptor [C:\Users\USUARIO\Downloads\apache-tomcat-9.0.41-windows-x86\apache-tomcat-9.0.41\conf\Catalina\localhost\ProjetoPortaria.xml]
26-Jul-2021 12:12:26.659 ADVERTÊNCIA [main] org.apache.catalina.startup.HostConfig.deployDescriptor The path attribute with value [/ProjetoPortaria] in deployment descriptor [C:\Users\USUARIO\Downloads\apache-tomcat-9.0.41-windows-x86\apache-tomcat-9.0.41\conf\Catalina\localhost\ProjetoPortaria.xml] has been ignored
26-Jul-2021 12:12:27.191 INFORMAÇÕES [main] org.apache.jasper.servlet.TldScanner.scanJars At least one JAR was scanned for TLDs yet contained no TLDs. Enable debug logging for this logger for a complete list of JARs that were scanned but no TLDs were found in them. Skipping unneeded JARs during scanning can improve startup time and JSP compilation time.
26-Jul-2021 12:12:27.260 INFORMAÇÕES [main] org.apache.catalina.startup.HostConfig.deployDescriptor Deployment of deployment descriptor [C:\Users\USUARIO\Downloads\apache-tomcat-9.0.41-windows-x86\apache-tomcat-9.0.41\conf\Catalina\localhost\ProjetoPortaria.xml] has finished in [617] ms
26-Jul-2021 12:12:27.260 INFORMAÇÕES [main] org.apache.catalina.startup.HostConfig.deployDirectory Diretório de instalação da aplicação web [C:\Users\USUARIO\Downloads\apache-tomcat-9.0.41-windows-x86\apache-tomcat-9.0.41\webapps\docs]
26-Jul-2021 12:12:27.307 INFORMAÇÕES [main] org.apache.catalina.startup.HostConfig.deployDirectory Deployment of web application directory [C:\Users\USUARIO\Downloads\apache-tomcat-9.0.41-windows-x86\apache-tomcat-9.0.41\webapps\docs] has finished in [47] ms
26-Jul-2021 12:12:27.307 INFORMAÇÕES [main] org.apache.catalina.startup.HostConfig.deployDirectory Diretório de instalação da aplicação web [C:\Users\USUARIO\Downloads\apache-tomcat-9.0.41-windows-x86\apache-tomcat-9.0.41\webapps\examples]
26-Jul-2021 12:12:28.580 INFORMAÇÕES [main] org.apache.catalina.startup.HostConfig.deployDirectory Deployment of web application directory [C:\Users\USUARIO\Downloads\apache-tomcat-9.0.41-windows-x86\apache-tomcat-9.0.41\webapps\examples] has finished in [1.273] ms
26-Jul-2021 12:12:28.580 INFORMAÇÕES [main] org.apache.catalina.startup.HostConfig.deployDirectory Diretório de instalação da aplicação web [C:\Users\USUARIO\Downloads\apache-tomcat-9.0.41-windows-x86\apache-tomcat-9.0.41\webapps\host-manager]
26-Jul-2021 12:12:28.665 INFORMAÇÕES [main] org.apache.catalina.startup.HostConfig.deployDirectory Deployment of web application directory [C:\Users\USUARIO\Downloads\apache-tomcat-9.0.41-windows-x86\apache-tomcat-9.0.41\webapps\host-manager] has finished in [85] ms
26-Jul-2021 12:12:28.665 INFORMAÇÕES [main] org.apache.catalina.startup.HostConfig.deployDirectory Diretório de instalação da aplicação web [C:\Users\USUARIO\Downloads\apache-tomcat-9.0.41-windows-x86\apache-tomcat-9.0.41\webapps\manager]
26-Jul-2021 12:12:28.727 INFORMAÇÕES [main] org.apache.catalina.startup.HostConfig.deployDirectory Deployment of web application directory [C:\Users\USUARIO\Downloads\apache-tomcat-9.0.41-windows-x86\apache-tomcat-9.0.41\webapps\manager] has finished in [62] ms
26-Jul-2021 12:12:28.727 INFORMAÇÕES [main] org.apache.catalina.startup.HostConfig.deployDirectory Diretório de instalação da aplicação web [C:\Users\USUARIO\Downloads\apache-tomcat-9.0.41-windows-x86\apache-tomcat-9.0.41\webapps\ROOT]
26-Jul-2021 12:12:28.781 INFORMAÇÕES [main] org.apache.catalina.startup.HostConfig.deployDirectory Deployment of web application directory [C:\Users\USUARIO\Downloads\apache-tomcat-9.0.41-windows-x86\apache-tomcat-9.0.41\webapps\ROOT] has finished in [54] ms
26-Jul-2021 12:12:28.781 INFORMAÇÕES [main] org.apache.coyote.AbstractProtocol.start Starting ProtocolHandler ["http-nio-8080"]
26-Jul-2021 12:12:28.812 INFORMAÇÕES [main] org.apache.catalina.startup.Catalina.start Server startup in [2255] milliseconds
26-Jul-2021 12:58:47.408 INFORMAÇÕES [main] org.apache.catalina.core.StandardServer.await A valid shutdown command was received via the shutdown port. Stopping the Server instance.
26-Jul-2021 12:58:47.408 INFORMAÇÕES [main] org.apache.coyote.AbstractProtocol.pause Pausing ProtocolHandler ["http-nio-8080"]
26-Jul-2021 12:58:47.510 INFORMAÇÕES [main] org.apache.catalina.core.StandardService.stopInternal Stopping service [Catalina]
26-Jul-2021 12:58:47.541 INFORMAÇÕES [main] org.apache.coyote.AbstractProtocol.stop Stopping ProtocolHandler ["http-nio-8080"]
26-Jul-2021 12:58:47.557 INFORMAÇÕES [main] org.apache.coyote.AbstractProtocol.destroy Destroying ProtocolHandler ["http-nio-8080"]
