31-Jul-2021 12:23:14.784 INFORMAÇÕES [main] org.apache.catalina.startup.VersionLoggerListener.log Server version name:   Apache Tomcat/9.0.41
31-Jul-2021 12:23:14.784 INFORMAÇÕES [main] org.apache.catalina.startup.VersionLoggerListener.log Server built:          Dec 3 2020 11:43:00 UTC
31-Jul-2021 12:23:14.784 INFORMAÇÕES [main] org.apache.catalina.startup.VersionLoggerListener.log Server version number: 9.0.41.0
31-Jul-2021 12:23:14.784 INFORMAÇÕES [main] org.apache.catalina.startup.VersionLoggerListener.log OS Name:               Windows 10
31-Jul-2021 12:23:14.784 INFORMAÇÕES [main] org.apache.catalina.startup.VersionLoggerListener.log OS Version:            10.0
31-Jul-2021 12:23:14.784 INFORMAÇÕES [main] org.apache.catalina.startup.VersionLoggerListener.log Architecture:          amd64
31-Jul-2021 12:23:14.784 INFORMAÇÕES [main] org.apache.catalina.startup.VersionLoggerListener.log Java Home:             C:\Program Files\Java\jdk1.8.0_202\jre
31-Jul-2021 12:23:14.784 INFORMAÇÕES [main] org.apache.catalina.startup.VersionLoggerListener.log JVM Version:           1.8.0_202-b08
31-Jul-2021 12:23:14.784 INFORMAÇÕES [main] org.apache.catalina.startup.VersionLoggerListener.log JVM Vendor:            Oracle Corporation
31-Jul-2021 12:23:14.784 INFORMAÇÕES [main] org.apache.catalina.startup.VersionLoggerListener.log CATALINA_BASE:         C:\Users\USUARIO\Downloads\apache-tomcat-9.0.41-windows-x86\apache-tomcat-9.0.41
31-Jul-2021 12:23:14.784 INFORMAÇÕES [main] org.apache.catalina.startup.VersionLoggerListener.log CATALINA_HOME:         C:\Users\USUARIO\Downloads\apache-tomcat-9.0.41-windows-x86\apache-tomcat-9.0.41
31-Jul-2021 12:23:14.784 INFORMAÇÕES [main] org.apache.catalina.startup.VersionLoggerListener.log Command line argument: -Djava.util.logging.config.file=C:\Users\USUARIO\Downloads\apache-tomcat-9.0.41-windows-x86\apache-tomcat-9.0.41\conf\logging.properties
31-Jul-2021 12:23:14.784 INFORMAÇÕES [main] org.apache.catalina.startup.VersionLoggerListener.log Command line argument: -Djava.util.logging.manager=org.apache.juli.ClassLoaderLogManager
31-Jul-2021 12:23:14.784 INFORMAÇÕES [main] org.apache.catalina.startup.VersionLoggerListener.log Command line argument: -Dhttp.nonProxyHosts=localhost|127.0.0.1|DESKTOP-LAI5ES6
31-Jul-2021 12:23:14.784 INFORMAÇÕES [main] org.apache.catalina.startup.VersionLoggerListener.log Command line argument: -Djdk.tls.ephemeralDHKeySize=2048
31-Jul-2021 12:23:14.784 INFORMAÇÕES [main] org.apache.catalina.startup.VersionLoggerListener.log Command line argument: -Djava.protocol.handler.pkgs=org.apache.catalina.webresources
31-Jul-2021 12:23:14.784 INFORMAÇÕES [main] org.apache.catalina.startup.VersionLoggerListener.log Command line argument: -Dignore.endorsed.dirs=
31-Jul-2021 12:23:14.784 INFORMAÇÕES [main] org.apache.catalina.startup.VersionLoggerListener.log Command line argument: -Dcatalina.base=C:\Users\USUARIO\Downloads\apache-tomcat-9.0.41-windows-x86\apache-tomcat-9.0.41
31-Jul-2021 12:23:14.784 INFORMAÇÕES [main] org.apache.catalina.startup.VersionLoggerListener.log Command line argument: -Dcatalina.home=C:\Users\USUARIO\Downloads\apache-tomcat-9.0.41-windows-x86\apache-tomcat-9.0.41
31-Jul-2021 12:23:14.784 INFORMAÇÕES [main] org.apache.catalina.startup.VersionLoggerListener.log Command line argument: -Djava.io.tmpdir=C:\Users\USUARIO\Downloads\apache-tomcat-9.0.41-windows-x86\apache-tomcat-9.0.41\temp
31-Jul-2021 12:23:14.807 ADVERTÊNCIA [main] org.apache.catalina.core.AprLifecycleListener.init The Apache Tomcat Native library failed to load. The error reported was [C:\Users\USUARIO\Downloads\apache-tomcat-9.0.41-windows-x86\apache-tomcat-9.0.41\bin\tcnative-1.dll: Can't load IA 32-bit .dll on a AMD 64-bit platform]
	java.lang.UnsatisfiedLinkError: C:\Users\USUARIO\Downloads\apache-tomcat-9.0.41-windows-x86\apache-tomcat-9.0.41\bin\tcnative-1.dll: Can't load IA 32-bit .dll on a AMD 64-bit platform
		at java.lang.ClassLoader$NativeLibrary.load(Native Method)
		at java.lang.ClassLoader.loadLibrary0(ClassLoader.java:1941)
		at java.lang.ClassLoader.loadLibrary(ClassLoader.java:1824)
		at java.lang.Runtime.load0(Runtime.java:809)
		at java.lang.System.load(System.java:1086)
		at org.apache.tomcat.jni.Library.<init>(Library.java:42)
		at org.apache.tomcat.jni.Library.initialize(Library.java:206)
		at org.apache.catalina.core.AprLifecycleListener.init(AprLifecycleListener.java:193)
		at org.apache.catalina.core.AprLifecycleListener.lifecycleEvent(AprLifecycleListener.java:124)
		at org.apache.catalina.util.LifecycleBase.fireLifecycleEvent(LifecycleBase.java:123)
		at org.apache.catalina.util.LifecycleBase.setStateInternal(LifecycleBase.java:423)
		at org.apache.catalina.util.LifecycleBase.init(LifecycleBase.java:135)
		at org.apache.catalina.startup.Catalina.load(Catalina.java:724)
		at org.apache.catalina.startup.Catalina.load(Catalina.java:746)
		at sun.reflect.NativeMethodAccessorImpl.invoke0(Native Method)
		at sun.reflect.NativeMethodAccessorImpl.invoke(NativeMethodAccessorImpl.java:62)
		at sun.reflect.DelegatingMethodAccessorImpl.invoke(DelegatingMethodAccessorImpl.java:43)
		at java.lang.reflect.Method.invoke(Method.java:498)
		at org.apache.catalina.startup.Bootstrap.load(Bootstrap.java:302)
		at org.apache.catalina.startup.Bootstrap.main(Bootstrap.java:472)
31-Jul-2021 12:23:15.723 INFORMAÇÕES [main] org.apache.coyote.AbstractProtocol.init Initializing ProtocolHandler ["http-nio-8080"]
31-Jul-2021 12:23:15.947 INFORMAÇÕES [main] org.apache.catalina.startup.Catalina.load Server initialization in [1535] milliseconds
31-Jul-2021 12:23:16.039 INFORMAÇÕES [main] org.apache.catalina.core.StandardService.startInternal Starting service [Catalina]
31-Jul-2021 12:23:16.039 INFORMAÇÕES [main] org.apache.catalina.core.StandardEngine.startInternal Starting Servlet engine: [Apache Tomcat/9.0.41]
31-Jul-2021 12:23:16.055 INFORMAÇÕES [main] org.apache.catalina.startup.HostConfig.deployDescriptor Deploying deployment descriptor [C:\Users\USUARIO\Downloads\apache-tomcat-9.0.41-windows-x86\apache-tomcat-9.0.41\conf\Catalina\localhost\ProjetoPortaria.xml]
31-Jul-2021 12:23:16.117 ADVERTÊNCIA [main] org.apache.catalina.startup.HostConfig.deployDescriptor The path attribute with value [/ProjetoPortaria] in deployment descriptor [C:\Users\USUARIO\Downloads\apache-tomcat-9.0.41-windows-x86\apache-tomcat-9.0.41\conf\Catalina\localhost\ProjetoPortaria.xml] has been ignored
31-Jul-2021 12:23:16.723 INFORMAÇÕES [main] org.apache.jasper.servlet.TldScanner.scanJars At least one JAR was scanned for TLDs yet contained no TLDs. Enable debug logging for this logger for a complete list of JARs that were scanned but no TLDs were found in them. Skipping unneeded JARs during scanning can improve startup time and JSP compilation time.
31-Jul-2021 12:23:16.850 INFORMAÇÕES [main] org.apache.catalina.startup.HostConfig.deployDescriptor Deployment of deployment descriptor [C:\Users\USUARIO\Downloads\apache-tomcat-9.0.41-windows-x86\apache-tomcat-9.0.41\conf\Catalina\localhost\ProjetoPortaria.xml] has finished in [792] ms
31-Jul-2021 12:23:16.851 INFORMAÇÕES [main] org.apache.catalina.startup.HostConfig.deployDirectory Diretório de instalação da aplicação web [C:\Users\USUARIO\Downloads\apache-tomcat-9.0.41-windows-x86\apache-tomcat-9.0.41\webapps\docs]
31-Jul-2021 12:23:16.907 INFORMAÇÕES [main] org.apache.catalina.startup.HostConfig.deployDirectory Deployment of web application directory [C:\Users\USUARIO\Downloads\apache-tomcat-9.0.41-windows-x86\apache-tomcat-9.0.41\webapps\docs] has finished in [56] ms
31-Jul-2021 12:23:16.908 INFORMAÇÕES [main] org.apache.catalina.startup.HostConfig.deployDirectory Diretório de instalação da aplicação web [C:\Users\USUARIO\Downloads\apache-tomcat-9.0.41-windows-x86\apache-tomcat-9.0.41\webapps\examples]
31-Jul-2021 12:23:18.128 INFORMAÇÕES [main] org.apache.catalina.startup.HostConfig.deployDirectory Deployment of web application directory [C:\Users\USUARIO\Downloads\apache-tomcat-9.0.41-windows-x86\apache-tomcat-9.0.41\webapps\examples] has finished in [1.220] ms
31-Jul-2021 12:23:18.128 INFORMAÇÕES [main] org.apache.catalina.startup.HostConfig.deployDirectory Diretório de instalação da aplicação web [C:\Users\USUARIO\Downloads\apache-tomcat-9.0.41-windows-x86\apache-tomcat-9.0.41\webapps\host-manager]
31-Jul-2021 12:23:18.244 INFORMAÇÕES [main] org.apache.catalina.startup.HostConfig.deployDirectory Deployment of web application directory [C:\Users\USUARIO\Downloads\apache-tomcat-9.0.41-windows-x86\apache-tomcat-9.0.41\webapps\host-manager] has finished in [116] ms
31-Jul-2021 12:23:18.244 INFORMAÇÕES [main] org.apache.catalina.startup.HostConfig.deployDirectory Diretório de instalação da aplicação web [C:\Users\USUARIO\Downloads\apache-tomcat-9.0.41-windows-x86\apache-tomcat-9.0.41\webapps\manager]
31-Jul-2021 12:23:18.313 INFORMAÇÕES [main] org.apache.catalina.startup.HostConfig.deployDirectory Deployment of web application directory [C:\Users\USUARIO\Downloads\apache-tomcat-9.0.41-windows-x86\apache-tomcat-9.0.41\webapps\manager] has finished in [69] ms
31-Jul-2021 12:23:18.313 INFORMAÇÕES [main] org.apache.catalina.startup.HostConfig.deployDirectory Diretório de instalação da aplicação web [C:\Users\USUARIO\Downloads\apache-tomcat-9.0.41-windows-x86\apache-tomcat-9.0.41\webapps\ROOT]
31-Jul-2021 12:23:18.344 INFORMAÇÕES [main] org.apache.catalina.startup.HostConfig.deployDirectory Deployment of web application directory [C:\Users\USUARIO\Downloads\apache-tomcat-9.0.41-windows-x86\apache-tomcat-9.0.41\webapps\ROOT] has finished in [31] ms
31-Jul-2021 12:23:18.344 INFORMAÇÕES [main] org.apache.coyote.AbstractProtocol.start Starting ProtocolHandler ["http-nio-8080"]
31-Jul-2021 12:23:18.382 INFORMAÇÕES [main] org.apache.catalina.startup.Catalina.start Server startup in [2435] milliseconds
31-Jul-2021 12:24:17.719 INFORMAÇÕES [main] org.apache.catalina.core.StandardServer.await A valid shutdown command was received via the shutdown port. Stopping the Server instance.
31-Jul-2021 12:24:17.719 INFORMAÇÕES [main] org.apache.coyote.AbstractProtocol.pause Pausing ProtocolHandler ["http-nio-8080"]
31-Jul-2021 12:24:17.818 INFORMAÇÕES [main] org.apache.catalina.core.StandardService.stopInternal Stopping service [Catalina]
31-Jul-2021 12:24:17.885 INFORMAÇÕES [main] org.apache.coyote.AbstractProtocol.stop Stopping ProtocolHandler ["http-nio-8080"]
31-Jul-2021 12:24:17.919 INFORMAÇÕES [main] org.apache.coyote.AbstractProtocol.destroy Destroying ProtocolHandler ["http-nio-8080"]
31-Jul-2021 15:48:21.788 INFORMAÇÕES [main] org.apache.catalina.startup.VersionLoggerListener.log Server version name:   Apache Tomcat/9.0.41
31-Jul-2021 15:48:21.804 INFORMAÇÕES [main] org.apache.catalina.startup.VersionLoggerListener.log Server built:          Dec 3 2020 11:43:00 UTC
31-Jul-2021 15:48:21.804 INFORMAÇÕES [main] org.apache.catalina.startup.VersionLoggerListener.log Server version number: 9.0.41.0
31-Jul-2021 15:48:21.804 INFORMAÇÕES [main] org.apache.catalina.startup.VersionLoggerListener.log OS Name:               Windows 10
31-Jul-2021 15:48:21.804 INFORMAÇÕES [main] org.apache.catalina.startup.VersionLoggerListener.log OS Version:            10.0
31-Jul-2021 15:48:21.804 INFORMAÇÕES [main] org.apache.catalina.startup.VersionLoggerListener.log Architecture:          amd64
31-Jul-2021 15:48:21.804 INFORMAÇÕES [main] org.apache.catalina.startup.VersionLoggerListener.log Java Home:             C:\Program Files\Java\jdk1.8.0_202\jre
31-Jul-2021 15:48:21.804 INFORMAÇÕES [main] org.apache.catalina.startup.VersionLoggerListener.log JVM Version:           1.8.0_202-b08
31-Jul-2021 15:48:21.804 INFORMAÇÕES [main] org.apache.catalina.startup.VersionLoggerListener.log JVM Vendor:            Oracle Corporation
31-Jul-2021 15:48:21.804 INFORMAÇÕES [main] org.apache.catalina.startup.VersionLoggerListener.log CATALINA_BASE:         C:\Users\USUARIO\Downloads\apache-tomcat-9.0.41-windows-x86\apache-tomcat-9.0.41
31-Jul-2021 15:48:21.804 INFORMAÇÕES [main] org.apache.catalina.startup.VersionLoggerListener.log CATALINA_HOME:         C:\Users\USUARIO\Downloads\apache-tomcat-9.0.41-windows-x86\apache-tomcat-9.0.41
31-Jul-2021 15:48:21.804 INFORMAÇÕES [main] org.apache.catalina.startup.VersionLoggerListener.log Command line argument: -Djava.util.logging.config.file=C:\Users\USUARIO\Downloads\apache-tomcat-9.0.41-windows-x86\apache-tomcat-9.0.41\conf\logging.properties
31-Jul-2021 15:48:21.804 INFORMAÇÕES [main] org.apache.catalina.startup.VersionLoggerListener.log Command line argument: -Djava.util.logging.manager=org.apache.juli.ClassLoaderLogManager
31-Jul-2021 15:48:21.804 INFORMAÇÕES [main] org.apache.catalina.startup.VersionLoggerListener.log Command line argument: -Dhttp.nonProxyHosts=localhost|127.0.0.1|DESKTOP-LAI5ES6
31-Jul-2021 15:48:21.804 INFORMAÇÕES [main] org.apache.catalina.startup.VersionLoggerListener.log Command line argument: -Djdk.tls.ephemeralDHKeySize=2048
31-Jul-2021 15:48:21.804 INFORMAÇÕES [main] org.apache.catalina.startup.VersionLoggerListener.log Command line argument: -Djava.protocol.handler.pkgs=org.apache.catalina.webresources
31-Jul-2021 15:48:21.804 INFORMAÇÕES [main] org.apache.catalina.startup.VersionLoggerListener.log Command line argument: -Dignore.endorsed.dirs=
31-Jul-2021 15:48:21.804 INFORMAÇÕES [main] org.apache.catalina.startup.VersionLoggerListener.log Command line argument: -Dcatalina.base=C:\Users\USUARIO\Downloads\apache-tomcat-9.0.41-windows-x86\apache-tomcat-9.0.41
31-Jul-2021 15:48:21.804 INFORMAÇÕES [main] org.apache.catalina.startup.VersionLoggerListener.log Command line argument: -Dcatalina.home=C:\Users\USUARIO\Downloads\apache-tomcat-9.0.41-windows-x86\apache-tomcat-9.0.41
31-Jul-2021 15:48:21.804 INFORMAÇÕES [main] org.apache.catalina.startup.VersionLoggerListener.log Command line argument: -Djava.io.tmpdir=C:\Users\USUARIO\Downloads\apache-tomcat-9.0.41-windows-x86\apache-tomcat-9.0.41\temp
31-Jul-2021 15:48:21.819 ADVERTÊNCIA [main] org.apache.catalina.core.AprLifecycleListener.init The Apache Tomcat Native library failed to load. The error reported was [C:\Users\USUARIO\Downloads\apache-tomcat-9.0.41-windows-x86\apache-tomcat-9.0.41\bin\tcnative-1.dll: Can't load IA 32-bit .dll on a AMD 64-bit platform]
	java.lang.UnsatisfiedLinkError: C:\Users\USUARIO\Downloads\apache-tomcat-9.0.41-windows-x86\apache-tomcat-9.0.41\bin\tcnative-1.dll: Can't load IA 32-bit .dll on a AMD 64-bit platform
		at java.lang.ClassLoader$NativeLibrary.load(Native Method)
		at java.lang.ClassLoader.loadLibrary0(ClassLoader.java:1941)
		at java.lang.ClassLoader.loadLibrary(ClassLoader.java:1824)
		at java.lang.Runtime.load0(Runtime.java:809)
		at java.lang.System.load(System.java:1086)
		at org.apache.tomcat.jni.Library.<init>(Library.java:42)
		at org.apache.tomcat.jni.Library.initialize(Library.java:206)
		at org.apache.catalina.core.AprLifecycleListener.init(AprLifecycleListener.java:193)
		at org.apache.catalina.core.AprLifecycleListener.lifecycleEvent(AprLifecycleListener.java:124)
		at org.apache.catalina.util.LifecycleBase.fireLifecycleEvent(LifecycleBase.java:123)
		at org.apache.catalina.util.LifecycleBase.setStateInternal(LifecycleBase.java:423)
		at org.apache.catalina.util.LifecycleBase.init(LifecycleBase.java:135)
		at org.apache.catalina.startup.Catalina.load(Catalina.java:724)
		at org.apache.catalina.startup.Catalina.load(Catalina.java:746)
		at sun.reflect.NativeMethodAccessorImpl.invoke0(Native Method)
		at sun.reflect.NativeMethodAccessorImpl.invoke(NativeMethodAccessorImpl.java:62)
		at sun.reflect.DelegatingMethodAccessorImpl.invoke(DelegatingMethodAccessorImpl.java:43)
		at java.lang.reflect.Method.invoke(Method.java:498)
		at org.apache.catalina.startup.Bootstrap.load(Bootstrap.java:302)
		at org.apache.catalina.startup.Bootstrap.main(Bootstrap.java:472)
31-Jul-2021 15:48:22.690 INFORMAÇÕES [main] org.apache.coyote.AbstractProtocol.init Initializing ProtocolHandler ["http-nio-8080"]
31-Jul-2021 15:48:22.897 INFORMAÇÕES [main] org.apache.catalina.startup.Catalina.load Server initialization in [1444] milliseconds
31-Jul-2021 15:48:22.943 INFORMAÇÕES [main] org.apache.catalina.core.StandardService.startInternal Starting service [Catalina]
31-Jul-2021 15:48:22.943 INFORMAÇÕES [main] org.apache.catalina.core.StandardEngine.startInternal Starting Servlet engine: [Apache Tomcat/9.0.41]
31-Jul-2021 15:48:22.959 INFORMAÇÕES [main] org.apache.catalina.startup.HostConfig.deployDescriptor Deploying deployment descriptor [C:\Users\USUARIO\Downloads\apache-tomcat-9.0.41-windows-x86\apache-tomcat-9.0.41\conf\Catalina\localhost\ProjetoPortaria.xml]
31-Jul-2021 15:48:23.012 ADVERTÊNCIA [main] org.apache.catalina.startup.HostConfig.deployDescriptor The path attribute with value [/ProjetoPortaria] in deployment descriptor [C:\Users\USUARIO\Downloads\apache-tomcat-9.0.41-windows-x86\apache-tomcat-9.0.41\conf\Catalina\localhost\ProjetoPortaria.xml] has been ignored
31-Jul-2021 15:48:23.801 INFORMAÇÕES [main] org.apache.jasper.servlet.TldScanner.scanJars At least one JAR was scanned for TLDs yet contained no TLDs. Enable debug logging for this logger for a complete list of JARs that were scanned but no TLDs were found in them. Skipping unneeded JARs during scanning can improve startup time and JSP compilation time.
31-Jul-2021 15:48:23.885 INFORMAÇÕES [main] org.apache.catalina.startup.HostConfig.deployDescriptor Deployment of deployment descriptor [C:\Users\USUARIO\Downloads\apache-tomcat-9.0.41-windows-x86\apache-tomcat-9.0.41\conf\Catalina\localhost\ProjetoPortaria.xml] has finished in [926] ms
31-Jul-2021 15:48:23.885 INFORMAÇÕES [main] org.apache.catalina.startup.HostConfig.deployDirectory Diretório de instalação da aplicação web [C:\Users\USUARIO\Downloads\apache-tomcat-9.0.41-windows-x86\apache-tomcat-9.0.41\webapps\docs]
31-Jul-2021 15:48:23.954 INFORMAÇÕES [main] org.apache.catalina.startup.HostConfig.deployDirectory Deployment of web application directory [C:\Users\USUARIO\Downloads\apache-tomcat-9.0.41-windows-x86\apache-tomcat-9.0.41\webapps\docs] has finished in [69] ms
31-Jul-2021 15:48:23.954 INFORMAÇÕES [main] org.apache.catalina.startup.HostConfig.deployDirectory Diretório de instalação da aplicação web [C:\Users\USUARIO\Downloads\apache-tomcat-9.0.41-windows-x86\apache-tomcat-9.0.41\webapps\examples]
31-Jul-2021 15:48:25.388 INFORMAÇÕES [main] org.apache.catalina.startup.HostConfig.deployDirectory Deployment of web application directory [C:\Users\USUARIO\Downloads\apache-tomcat-9.0.41-windows-x86\apache-tomcat-9.0.41\webapps\examples] has finished in [1.434] ms
31-Jul-2021 15:48:25.388 INFORMAÇÕES [main] org.apache.catalina.startup.HostConfig.deployDirectory Diretório de instalação da aplicação web [C:\Users\USUARIO\Downloads\apache-tomcat-9.0.41-windows-x86\apache-tomcat-9.0.41\webapps\host-manager]
31-Jul-2021 15:48:25.457 INFORMAÇÕES [main] org.apache.catalina.startup.HostConfig.deployDirectory Deployment of web application directory [C:\Users\USUARIO\Downloads\apache-tomcat-9.0.41-windows-x86\apache-tomcat-9.0.41\webapps\host-manager] has finished in [69] ms
31-Jul-2021 15:48:25.457 INFORMAÇÕES [main] org.apache.catalina.startup.HostConfig.deployDirectory Diretório de instalação da aplicação web [C:\Users\USUARIO\Downloads\apache-tomcat-9.0.41-windows-x86\apache-tomcat-9.0.41\webapps\manager]
31-Jul-2021 15:48:25.519 INFORMAÇÕES [main] org.apache.catalina.startup.HostConfig.deployDirectory Deployment of web application directory [C:\Users\USUARIO\Downloads\apache-tomcat-9.0.41-windows-x86\apache-tomcat-9.0.41\webapps\manager] has finished in [62] ms
31-Jul-2021 15:48:25.519 INFORMAÇÕES [main] org.apache.catalina.startup.HostConfig.deployDirectory Diretório de instalação da aplicação web [C:\Users\USUARIO\Downloads\apache-tomcat-9.0.41-windows-x86\apache-tomcat-9.0.41\webapps\ROOT]
31-Jul-2021 15:48:25.572 INFORMAÇÕES [main] org.apache.catalina.startup.HostConfig.deployDirectory Deployment of web application directory [C:\Users\USUARIO\Downloads\apache-tomcat-9.0.41-windows-x86\apache-tomcat-9.0.41\webapps\ROOT] has finished in [53] ms
31-Jul-2021 15:48:25.572 INFORMAÇÕES [main] org.apache.coyote.AbstractProtocol.start Starting ProtocolHandler ["http-nio-8080"]
31-Jul-2021 15:48:25.588 INFORMAÇÕES [main] org.apache.catalina.startup.Catalina.start Server startup in [2690] milliseconds
31-Jul-2021 15:49:26.308 INFORMAÇÕES [main] org.apache.catalina.core.StandardServer.await A valid shutdown command was received via the shutdown port. Stopping the Server instance.
31-Jul-2021 15:49:26.308 INFORMAÇÕES [main] org.apache.coyote.AbstractProtocol.pause Pausing ProtocolHandler ["http-nio-8080"]
31-Jul-2021 15:49:26.384 INFORMAÇÕES [main] org.apache.catalina.core.StandardService.stopInternal Stopping service [Catalina]
31-Jul-2021 15:49:26.424 INFORMAÇÕES [main] org.apache.coyote.AbstractProtocol.stop Stopping ProtocolHandler ["http-nio-8080"]
31-Jul-2021 15:49:26.440 INFORMAÇÕES [main] org.apache.coyote.AbstractProtocol.destroy Destroying ProtocolHandler ["http-nio-8080"]
