25-Jul-2021 15:17:31.334 INFORMAÇÕES [main] org.apache.catalina.startup.VersionLoggerListener.log Server version name:   Apache Tomcat/9.0.41
25-Jul-2021 15:17:31.337 INFORMAÇÕES [main] org.apache.catalina.startup.VersionLoggerListener.log Server built:          Dec 3 2020 11:43:00 UTC
25-Jul-2021 15:17:31.337 INFORMAÇÕES [main] org.apache.catalina.startup.VersionLoggerListener.log Server version number: 9.0.41.0
25-Jul-2021 15:17:31.337 INFORMAÇÕES [main] org.apache.catalina.startup.VersionLoggerListener.log OS Name:               Windows 10
25-Jul-2021 15:17:31.337 INFORMAÇÕES [main] org.apache.catalina.startup.VersionLoggerListener.log OS Version:            10.0
25-Jul-2021 15:17:31.337 INFORMAÇÕES [main] org.apache.catalina.startup.VersionLoggerListener.log Architecture:          amd64
25-Jul-2021 15:17:31.337 INFORMAÇÕES [main] org.apache.catalina.startup.VersionLoggerListener.log Java Home:             C:\Program Files\Java\jdk1.8.0_202\jre
25-Jul-2021 15:17:31.337 INFORMAÇÕES [main] org.apache.catalina.startup.VersionLoggerListener.log JVM Version:           1.8.0_202-b08
25-Jul-2021 15:17:31.338 INFORMAÇÕES [main] org.apache.catalina.startup.VersionLoggerListener.log JVM Vendor:            Oracle Corporation
25-Jul-2021 15:17:31.338 INFORMAÇÕES [main] org.apache.catalina.startup.VersionLoggerListener.log CATALINA_BASE:         C:\Users\USUARIO\Downloads\apache-tomcat-9.0.41-windows-x86\apache-tomcat-9.0.41
25-Jul-2021 15:17:31.338 INFORMAÇÕES [main] org.apache.catalina.startup.VersionLoggerListener.log CATALINA_HOME:         C:\Users\USUARIO\Downloads\apache-tomcat-9.0.41-windows-x86\apache-tomcat-9.0.41
25-Jul-2021 15:17:31.339 INFORMAÇÕES [main] org.apache.catalina.startup.VersionLoggerListener.log Command line argument: -Djava.util.logging.config.file=C:\Users\USUARIO\Downloads\apache-tomcat-9.0.41-windows-x86\apache-tomcat-9.0.41\conf\logging.properties
25-Jul-2021 15:17:31.340 INFORMAÇÕES [main] org.apache.catalina.startup.VersionLoggerListener.log Command line argument: -Djava.util.logging.manager=org.apache.juli.ClassLoaderLogManager
25-Jul-2021 15:17:31.340 INFORMAÇÕES [main] org.apache.catalina.startup.VersionLoggerListener.log Command line argument: -Dhttp.nonProxyHosts=localhost|127.0.0.1|DESKTOP-LAI5ES6
25-Jul-2021 15:17:31.340 INFORMAÇÕES [main] org.apache.catalina.startup.VersionLoggerListener.log Command line argument: -Djdk.tls.ephemeralDHKeySize=2048
25-Jul-2021 15:17:31.340 INFORMAÇÕES [main] org.apache.catalina.startup.VersionLoggerListener.log Command line argument: -Djava.protocol.handler.pkgs=org.apache.catalina.webresources
25-Jul-2021 15:17:31.340 INFORMAÇÕES [main] org.apache.catalina.startup.VersionLoggerListener.log Command line argument: -Dignore.endorsed.dirs=
25-Jul-2021 15:17:31.341 INFORMAÇÕES [main] org.apache.catalina.startup.VersionLoggerListener.log Command line argument: -Dcatalina.base=C:\Users\USUARIO\Downloads\apache-tomcat-9.0.41-windows-x86\apache-tomcat-9.0.41
25-Jul-2021 15:17:31.341 INFORMAÇÕES [main] org.apache.catalina.startup.VersionLoggerListener.log Command line argument: -Dcatalina.home=C:\Users\USUARIO\Downloads\apache-tomcat-9.0.41-windows-x86\apache-tomcat-9.0.41
25-Jul-2021 15:17:31.341 INFORMAÇÕES [main] org.apache.catalina.startup.VersionLoggerListener.log Command line argument: -Djava.io.tmpdir=C:\Users\USUARIO\Downloads\apache-tomcat-9.0.41-windows-x86\apache-tomcat-9.0.41\temp
25-Jul-2021 15:17:31.397 ADVERTÊNCIA [main] org.apache.catalina.core.AprLifecycleListener.init The Apache Tomcat Native library failed to load. The error reported was [C:\Users\USUARIO\Downloads\apache-tomcat-9.0.41-windows-x86\apache-tomcat-9.0.41\bin\tcnative-1.dll: Can't load IA 32-bit .dll on a AMD 64-bit platform]
	java.lang.UnsatisfiedLinkError: C:\Users\USUARIO\Downloads\apache-tomcat-9.0.41-windows-x86\apache-tomcat-9.0.41\bin\tcnative-1.dll: Can't load IA 32-bit .dll on a AMD 64-bit platform
		at java.lang.ClassLoader$NativeLibrary.load(Native Method)
		at java.lang.ClassLoader.loadLibrary0(ClassLoader.java:1941)
		at java.lang.ClassLoader.loadLibrary(ClassLoader.java:1824)
		at java.lang.Runtime.load0(Runtime.java:809)
		at java.lang.System.load(System.java:1086)
		at org.apache.tomcat.jni.Library.<init>(Library.java:42)
		at org.apache.tomcat.jni.Library.initialize(Library.java:206)
		at org.apache.catalina.core.AprLifecycleListener.init(AprLifecycleListener.java:193)
		at org.apache.catalina.core.AprLifecycleListener.lifecycleEvent(AprLifecycleListener.java:124)
		at org.apache.catalina.util.LifecycleBase.fireLifecycleEvent(LifecycleBase.java:123)
		at org.apache.catalina.util.LifecycleBase.setStateInternal(LifecycleBase.java:423)
		at org.apache.catalina.util.LifecycleBase.init(LifecycleBase.java:135)
		at org.apache.catalina.startup.Catalina.load(Catalina.java:724)
		at org.apache.catalina.startup.Catalina.load(Catalina.java:746)
		at sun.reflect.NativeMethodAccessorImpl.invoke0(Native Method)
		at sun.reflect.NativeMethodAccessorImpl.invoke(NativeMethodAccessorImpl.java:62)
		at sun.reflect.DelegatingMethodAccessorImpl.invoke(DelegatingMethodAccessorImpl.java:43)
		at java.lang.reflect.Method.invoke(Method.java:498)
		at org.apache.catalina.startup.Bootstrap.load(Bootstrap.java:302)
		at org.apache.catalina.startup.Bootstrap.main(Bootstrap.java:472)
25-Jul-2021 15:17:32.211 INFORMAÇÕES [main] org.apache.coyote.AbstractProtocol.init Initializing ProtocolHandler ["http-nio-8080"]
25-Jul-2021 15:17:32.403 INFORMAÇÕES [main] org.apache.catalina.startup.Catalina.load Server initialization in [1320] milliseconds
25-Jul-2021 15:17:32.449 INFORMAÇÕES [main] org.apache.catalina.core.StandardService.startInternal Starting service [Catalina]
25-Jul-2021 15:17:32.450 INFORMAÇÕES [main] org.apache.catalina.core.StandardEngine.startInternal Starting Servlet engine: [Apache Tomcat/9.0.41]
25-Jul-2021 15:17:32.461 INFORMAÇÕES [main] org.apache.catalina.startup.HostConfig.deployDescriptor Deploying deployment descriptor [C:\Users\USUARIO\Downloads\apache-tomcat-9.0.41-windows-x86\apache-tomcat-9.0.41\conf\Catalina\localhost\ProjetoPortaria.xml]
25-Jul-2021 15:17:32.494 ADVERTÊNCIA [main] org.apache.catalina.startup.HostConfig.deployDescriptor The path attribute with value [/ProjetoPortaria] in deployment descriptor [C:\Users\USUARIO\Downloads\apache-tomcat-9.0.41-windows-x86\apache-tomcat-9.0.41\conf\Catalina\localhost\ProjetoPortaria.xml] has been ignored
25-Jul-2021 15:17:32.796 INFORMAÇÕES [main] org.apache.catalina.startup.HostConfig.deployDescriptor Deployment of deployment descriptor [C:\Users\USUARIO\Downloads\apache-tomcat-9.0.41-windows-x86\apache-tomcat-9.0.41\conf\Catalina\localhost\ProjetoPortaria.xml] has finished in [333] ms
25-Jul-2021 15:17:32.797 INFORMAÇÕES [main] org.apache.catalina.startup.HostConfig.deployDirectory Diretório de instalação da aplicação web [C:\Users\USUARIO\Downloads\apache-tomcat-9.0.41-windows-x86\apache-tomcat-9.0.41\webapps\docs]
25-Jul-2021 15:17:32.851 INFORMAÇÕES [main] org.apache.catalina.startup.HostConfig.deployDirectory Deployment of web application directory [C:\Users\USUARIO\Downloads\apache-tomcat-9.0.41-windows-x86\apache-tomcat-9.0.41\webapps\docs] has finished in [53] ms
25-Jul-2021 15:17:32.851 INFORMAÇÕES [main] org.apache.catalina.startup.HostConfig.deployDirectory Diretório de instalação da aplicação web [C:\Users\USUARIO\Downloads\apache-tomcat-9.0.41-windows-x86\apache-tomcat-9.0.41\webapps\examples]
25-Jul-2021 15:17:34.330 INFORMAÇÕES [main] org.apache.catalina.startup.HostConfig.deployDirectory Deployment of web application directory [C:\Users\USUARIO\Downloads\apache-tomcat-9.0.41-windows-x86\apache-tomcat-9.0.41\webapps\examples] has finished in [1.479] ms
25-Jul-2021 15:17:34.330 INFORMAÇÕES [main] org.apache.catalina.startup.HostConfig.deployDirectory Diretório de instalação da aplicação web [C:\Users\USUARIO\Downloads\apache-tomcat-9.0.41-windows-x86\apache-tomcat-9.0.41\webapps\host-manager]
25-Jul-2021 15:17:34.406 INFORMAÇÕES [main] org.apache.catalina.startup.HostConfig.deployDirectory Deployment of web application directory [C:\Users\USUARIO\Downloads\apache-tomcat-9.0.41-windows-x86\apache-tomcat-9.0.41\webapps\host-manager] has finished in [76] ms
25-Jul-2021 15:17:34.407 INFORMAÇÕES [main] org.apache.catalina.startup.HostConfig.deployDirectory Diretório de instalação da aplicação web [C:\Users\USUARIO\Downloads\apache-tomcat-9.0.41-windows-x86\apache-tomcat-9.0.41\webapps\manager]
25-Jul-2021 15:17:34.628 INFORMAÇÕES [main] org.apache.catalina.startup.HostConfig.deployDirectory Deployment of web application directory [C:\Users\USUARIO\Downloads\apache-tomcat-9.0.41-windows-x86\apache-tomcat-9.0.41\webapps\manager] has finished in [222] ms
25-Jul-2021 15:17:34.629 INFORMAÇÕES [main] org.apache.catalina.startup.HostConfig.deployDirectory Diretório de instalação da aplicação web [C:\Users\USUARIO\Downloads\apache-tomcat-9.0.41-windows-x86\apache-tomcat-9.0.41\webapps\ROOT]
25-Jul-2021 15:17:34.680 INFORMAÇÕES [main] org.apache.catalina.startup.HostConfig.deployDirectory Deployment of web application directory [C:\Users\USUARIO\Downloads\apache-tomcat-9.0.41-windows-x86\apache-tomcat-9.0.41\webapps\ROOT] has finished in [51] ms
25-Jul-2021 15:17:34.685 INFORMAÇÕES [main] org.apache.coyote.AbstractProtocol.start Starting ProtocolHandler ["http-nio-8080"]
25-Jul-2021 15:17:34.694 INFORMAÇÕES [main] org.apache.catalina.startup.Catalina.start Server startup in [2291] milliseconds
25-Jul-2021 15:17:47.696 INFORMAÇÕES [http-nio-8080-exec-8] org.apache.catalina.startup.HostConfig.undeploy Undeploying context [/ProjetoPortaria]
25-Jul-2021 15:17:47.738 INFORMAÇÕES [http-nio-8080-exec-6] org.apache.catalina.startup.HostConfig.deployDescriptor Deploying deployment descriptor [C:\Users\USUARIO\Downloads\apache-tomcat-9.0.41-windows-x86\apache-tomcat-9.0.41\conf\Catalina\localhost\ProjetoPortaria.xml]
25-Jul-2021 15:17:47.739 ADVERTÊNCIA [http-nio-8080-exec-6] org.apache.catalina.startup.HostConfig.deployDescriptor The path attribute with value [/ProjetoPortaria] in deployment descriptor [C:\Users\USUARIO\Downloads\apache-tomcat-9.0.41-windows-x86\apache-tomcat-9.0.41\conf\Catalina\localhost\ProjetoPortaria.xml] has been ignored
25-Jul-2021 15:17:47.772 INFORMAÇÕES [http-nio-8080-exec-6] org.apache.catalina.startup.HostConfig.deployDescriptor Deployment of deployment descriptor [C:\Users\USUARIO\Downloads\apache-tomcat-9.0.41-windows-x86\apache-tomcat-9.0.41\conf\Catalina\localhost\ProjetoPortaria.xml] has finished in [34] ms
25-Jul-2021 15:17:47.777 INFORMAÇÕES [http-nio-8080-exec-4] org.apache.catalina.util.LifecycleBase.start The start() method was called on component [StandardEngine[Catalina].StandardHost[localhost].StandardContext[/ProjetoPortaria]] after start() had already been called. The second call will be ignored.
25-Jul-2021 15:23:12.261 INFORMAÇÕES [http-nio-8080-exec-15] org.apache.catalina.core.StandardContext.reload Reloading Context with name [/ProjetoPortaria] has started
25-Jul-2021 15:23:12.465 INFORMAÇÕES [http-nio-8080-exec-15] org.apache.jasper.servlet.TldScanner.scanJars At least one JAR was scanned for TLDs yet contained no TLDs. Enable debug logging for this logger for a complete list of JARs that were scanned but no TLDs were found in them. Skipping unneeded JARs during scanning can improve startup time and JSP compilation time.
25-Jul-2021 15:23:12.469 INFORMAÇÕES [http-nio-8080-exec-15] org.apache.catalina.core.StandardContext.reload Reloading Context with name [/ProjetoPortaria] is completed
25-Jul-2021 16:09:17.161 INFORMAÇÕES [main] org.apache.catalina.core.StandardServer.await A valid shutdown command was received via the shutdown port. Stopping the Server instance.
25-Jul-2021 16:09:17.162 INFORMAÇÕES [main] org.apache.coyote.AbstractProtocol.pause Pausing ProtocolHandler ["http-nio-8080"]
25-Jul-2021 16:09:17.240 INFORMAÇÕES [main] org.apache.catalina.core.StandardService.stopInternal Stopping service [Catalina]
25-Jul-2021 16:09:17.256 INFORMAÇÕES [main] org.apache.coyote.AbstractProtocol.stop Stopping ProtocolHandler ["http-nio-8080"]
25-Jul-2021 16:09:17.287 INFORMAÇÕES [main] org.apache.coyote.AbstractProtocol.destroy Destroying ProtocolHandler ["http-nio-8080"]
25-Jul-2021 20:22:56.771 INFORMAÇÕES [main] org.apache.catalina.startup.VersionLoggerListener.log Server version name:   Apache Tomcat/9.0.41
25-Jul-2021 20:22:56.773 INFORMAÇÕES [main] org.apache.catalina.startup.VersionLoggerListener.log Server built:          Dec 3 2020 11:43:00 UTC
25-Jul-2021 20:22:56.773 INFORMAÇÕES [main] org.apache.catalina.startup.VersionLoggerListener.log Server version number: 9.0.41.0
25-Jul-2021 20:22:56.773 INFORMAÇÕES [main] org.apache.catalina.startup.VersionLoggerListener.log OS Name:               Windows 10
25-Jul-2021 20:22:56.774 INFORMAÇÕES [main] org.apache.catalina.startup.VersionLoggerListener.log OS Version:            10.0
25-Jul-2021 20:22:56.774 INFORMAÇÕES [main] org.apache.catalina.startup.VersionLoggerListener.log Architecture:          amd64
25-Jul-2021 20:22:56.774 INFORMAÇÕES [main] org.apache.catalina.startup.VersionLoggerListener.log Java Home:             C:\Program Files\Java\jdk1.8.0_202\jre
25-Jul-2021 20:22:56.774 INFORMAÇÕES [main] org.apache.catalina.startup.VersionLoggerListener.log JVM Version:           1.8.0_202-b08
25-Jul-2021 20:22:56.774 INFORMAÇÕES [main] org.apache.catalina.startup.VersionLoggerListener.log JVM Vendor:            Oracle Corporation
25-Jul-2021 20:22:56.774 INFORMAÇÕES [main] org.apache.catalina.startup.VersionLoggerListener.log CATALINA_BASE:         C:\Users\USUARIO\Downloads\apache-tomcat-9.0.41-windows-x86\apache-tomcat-9.0.41
25-Jul-2021 20:22:56.774 INFORMAÇÕES [main] org.apache.catalina.startup.VersionLoggerListener.log CATALINA_HOME:         C:\Users\USUARIO\Downloads\apache-tomcat-9.0.41-windows-x86\apache-tomcat-9.0.41
25-Jul-2021 20:22:56.775 INFORMAÇÕES [main] org.apache.catalina.startup.VersionLoggerListener.log Command line argument: -Djava.util.logging.config.file=C:\Users\USUARIO\Downloads\apache-tomcat-9.0.41-windows-x86\apache-tomcat-9.0.41\conf\logging.properties
25-Jul-2021 20:22:56.775 INFORMAÇÕES [main] org.apache.catalina.startup.VersionLoggerListener.log Command line argument: -Djava.util.logging.manager=org.apache.juli.ClassLoaderLogManager
25-Jul-2021 20:22:56.775 INFORMAÇÕES [main] org.apache.catalina.startup.VersionLoggerListener.log Command line argument: -Dhttp.nonProxyHosts=localhost|127.0.0.1|DESKTOP-LAI5ES6
25-Jul-2021 20:22:56.775 INFORMAÇÕES [main] org.apache.catalina.startup.VersionLoggerListener.log Command line argument: -Djdk.tls.ephemeralDHKeySize=2048
25-Jul-2021 20:22:56.775 INFORMAÇÕES [main] org.apache.catalina.startup.VersionLoggerListener.log Command line argument: -Djava.protocol.handler.pkgs=org.apache.catalina.webresources
25-Jul-2021 20:22:56.775 INFORMAÇÕES [main] org.apache.catalina.startup.VersionLoggerListener.log Command line argument: -Dignore.endorsed.dirs=
25-Jul-2021 20:22:56.776 INFORMAÇÕES [main] org.apache.catalina.startup.VersionLoggerListener.log Command line argument: -Dcatalina.base=C:\Users\USUARIO\Downloads\apache-tomcat-9.0.41-windows-x86\apache-tomcat-9.0.41
25-Jul-2021 20:22:56.776 INFORMAÇÕES [main] org.apache.catalina.startup.VersionLoggerListener.log Command line argument: -Dcatalina.home=C:\Users\USUARIO\Downloads\apache-tomcat-9.0.41-windows-x86\apache-tomcat-9.0.41
25-Jul-2021 20:22:56.776 INFORMAÇÕES [main] org.apache.catalina.startup.VersionLoggerListener.log Command line argument: -Djava.io.tmpdir=C:\Users\USUARIO\Downloads\apache-tomcat-9.0.41-windows-x86\apache-tomcat-9.0.41\temp
25-Jul-2021 20:22:56.827 ADVERTÊNCIA [main] org.apache.catalina.core.AprLifecycleListener.init The Apache Tomcat Native library failed to load. The error reported was [C:\Users\USUARIO\Downloads\apache-tomcat-9.0.41-windows-x86\apache-tomcat-9.0.41\bin\tcnative-1.dll: Can't load IA 32-bit .dll on a AMD 64-bit platform]
	java.lang.UnsatisfiedLinkError: C:\Users\USUARIO\Downloads\apache-tomcat-9.0.41-windows-x86\apache-tomcat-9.0.41\bin\tcnative-1.dll: Can't load IA 32-bit .dll on a AMD 64-bit platform
		at java.lang.ClassLoader$NativeLibrary.load(Native Method)
		at java.lang.ClassLoader.loadLibrary0(ClassLoader.java:1941)
		at java.lang.ClassLoader.loadLibrary(ClassLoader.java:1824)
		at java.lang.Runtime.load0(Runtime.java:809)
		at java.lang.System.load(System.java:1086)
		at org.apache.tomcat.jni.Library.<init>(Library.java:42)
		at org.apache.tomcat.jni.Library.initialize(Library.java:206)
		at org.apache.catalina.core.AprLifecycleListener.init(AprLifecycleListener.java:193)
		at org.apache.catalina.core.AprLifecycleListener.lifecycleEvent(AprLifecycleListener.java:124)
		at org.apache.catalina.util.LifecycleBase.fireLifecycleEvent(LifecycleBase.java:123)
		at org.apache.catalina.util.LifecycleBase.setStateInternal(LifecycleBase.java:423)
		at org.apache.catalina.util.LifecycleBase.init(LifecycleBase.java:135)
		at org.apache.catalina.startup.Catalina.load(Catalina.java:724)
		at org.apache.catalina.startup.Catalina.load(Catalina.java:746)
		at sun.reflect.NativeMethodAccessorImpl.invoke0(Native Method)
		at sun.reflect.NativeMethodAccessorImpl.invoke(NativeMethodAccessorImpl.java:62)
		at sun.reflect.DelegatingMethodAccessorImpl.invoke(DelegatingMethodAccessorImpl.java:43)
		at java.lang.reflect.Method.invoke(Method.java:498)
		at org.apache.catalina.startup.Bootstrap.load(Bootstrap.java:302)
		at org.apache.catalina.startup.Bootstrap.main(Bootstrap.java:472)
25-Jul-2021 20:22:57.603 INFORMAÇÕES [main] org.apache.coyote.AbstractProtocol.init Initializing ProtocolHandler ["http-nio-8080"]
25-Jul-2021 20:22:57.868 INFORMAÇÕES [main] org.apache.catalina.startup.Catalina.load Server initialization in [1391] milliseconds
25-Jul-2021 20:22:57.959 INFORMAÇÕES [main] org.apache.catalina.core.StandardService.startInternal Starting service [Catalina]
25-Jul-2021 20:22:57.959 INFORMAÇÕES [main] org.apache.catalina.core.StandardEngine.startInternal Starting Servlet engine: [Apache Tomcat/9.0.41]
25-Jul-2021 20:22:57.966 INFORMAÇÕES [main] org.apache.catalina.startup.HostConfig.deployDescriptor Deploying deployment descriptor [C:\Users\USUARIO\Downloads\apache-tomcat-9.0.41-windows-x86\apache-tomcat-9.0.41\conf\Catalina\localhost\ProjetoPortaria.xml]
25-Jul-2021 20:22:58.009 ADVERTÊNCIA [main] org.apache.catalina.startup.HostConfig.deployDescriptor The path attribute with value [/ProjetoPortaria] in deployment descriptor [C:\Users\USUARIO\Downloads\apache-tomcat-9.0.41-windows-x86\apache-tomcat-9.0.41\conf\Catalina\localhost\ProjetoPortaria.xml] has been ignored
25-Jul-2021 20:22:58.660 INFORMAÇÕES [main] org.apache.jasper.servlet.TldScanner.scanJars At least one JAR was scanned for TLDs yet contained no TLDs. Enable debug logging for this logger for a complete list of JARs that were scanned but no TLDs were found in them. Skipping unneeded JARs during scanning can improve startup time and JSP compilation time.
25-Jul-2021 20:22:58.728 INFORMAÇÕES [main] org.apache.catalina.startup.HostConfig.deployDescriptor Deployment of deployment descriptor [C:\Users\USUARIO\Downloads\apache-tomcat-9.0.41-windows-x86\apache-tomcat-9.0.41\conf\Catalina\localhost\ProjetoPortaria.xml] has finished in [758] ms
25-Jul-2021 20:22:58.728 INFORMAÇÕES [main] org.apache.catalina.startup.HostConfig.deployDirectory Diretório de instalação da aplicação web [C:\Users\USUARIO\Downloads\apache-tomcat-9.0.41-windows-x86\apache-tomcat-9.0.41\webapps\docs]
25-Jul-2021 20:22:58.830 INFORMAÇÕES [main] org.apache.catalina.startup.HostConfig.deployDirectory Deployment of web application directory [C:\Users\USUARIO\Downloads\apache-tomcat-9.0.41-windows-x86\apache-tomcat-9.0.41\webapps\docs] has finished in [102] ms
25-Jul-2021 20:22:58.832 INFORMAÇÕES [main] org.apache.catalina.startup.HostConfig.deployDirectory Diretório de instalação da aplicação web [C:\Users\USUARIO\Downloads\apache-tomcat-9.0.41-windows-x86\apache-tomcat-9.0.41\webapps\examples]
25-Jul-2021 20:23:00.287 INFORMAÇÕES [main] org.apache.catalina.startup.HostConfig.deployDirectory Deployment of web application directory [C:\Users\USUARIO\Downloads\apache-tomcat-9.0.41-windows-x86\apache-tomcat-9.0.41\webapps\examples] has finished in [1.456] ms
25-Jul-2021 20:23:00.287 INFORMAÇÕES [main] org.apache.catalina.startup.HostConfig.deployDirectory Diretório de instalação da aplicação web [C:\Users\USUARIO\Downloads\apache-tomcat-9.0.41-windows-x86\apache-tomcat-9.0.41\webapps\host-manager]
25-Jul-2021 20:23:00.369 INFORMAÇÕES [main] org.apache.catalina.startup.HostConfig.deployDirectory Deployment of web application directory [C:\Users\USUARIO\Downloads\apache-tomcat-9.0.41-windows-x86\apache-tomcat-9.0.41\webapps\host-manager] has finished in [81] ms
25-Jul-2021 20:23:00.369 INFORMAÇÕES [main] org.apache.catalina.startup.HostConfig.deployDirectory Diretório de instalação da aplicação web [C:\Users\USUARIO\Downloads\apache-tomcat-9.0.41-windows-x86\apache-tomcat-9.0.41\webapps\manager]
25-Jul-2021 20:23:00.435 INFORMAÇÕES [main] org.apache.catalina.startup.HostConfig.deployDirectory Deployment of web application directory [C:\Users\USUARIO\Downloads\apache-tomcat-9.0.41-windows-x86\apache-tomcat-9.0.41\webapps\manager] has finished in [65] ms
25-Jul-2021 20:23:00.435 INFORMAÇÕES [main] org.apache.catalina.startup.HostConfig.deployDirectory Diretório de instalação da aplicação web [C:\Users\USUARIO\Downloads\apache-tomcat-9.0.41-windows-x86\apache-tomcat-9.0.41\webapps\ROOT]
25-Jul-2021 20:23:00.485 INFORMAÇÕES [main] org.apache.catalina.startup.HostConfig.deployDirectory Deployment of web application directory [C:\Users\USUARIO\Downloads\apache-tomcat-9.0.41-windows-x86\apache-tomcat-9.0.41\webapps\ROOT] has finished in [50] ms
25-Jul-2021 20:23:00.491 INFORMAÇÕES [main] org.apache.coyote.AbstractProtocol.start Starting ProtocolHandler ["http-nio-8080"]
25-Jul-2021 20:23:00.536 INFORMAÇÕES [main] org.apache.catalina.startup.Catalina.start Server startup in [2667] milliseconds
25-Jul-2021 21:25:45.315 INFORMAÇÕES [http-nio-8080-exec-2] org.apache.catalina.startup.HostConfig.undeploy Undeploying context [/ProjetoPortaria]
25-Jul-2021 21:25:54.705 INFORMAÇÕES [http-nio-8080-exec-7] org.apache.catalina.startup.HostConfig.deployDescriptor Deploying deployment descriptor [C:\Users\USUARIO\Downloads\apache-tomcat-9.0.41-windows-x86\apache-tomcat-9.0.41\conf\Catalina\localhost\ProjetoPortaria.xml]
25-Jul-2021 21:25:54.706 ADVERTÊNCIA [http-nio-8080-exec-7] org.apache.catalina.startup.HostConfig.deployDescriptor The path attribute with value [/ProjetoPortaria] in deployment descriptor [C:\Users\USUARIO\Downloads\apache-tomcat-9.0.41-windows-x86\apache-tomcat-9.0.41\conf\Catalina\localhost\ProjetoPortaria.xml] has been ignored
25-Jul-2021 21:25:54.811 INFORMAÇÕES [http-nio-8080-exec-7] org.apache.jasper.servlet.TldScanner.scanJars At least one JAR was scanned for TLDs yet contained no TLDs. Enable debug logging for this logger for a complete list of JARs that were scanned but no TLDs were found in them. Skipping unneeded JARs during scanning can improve startup time and JSP compilation time.
25-Jul-2021 21:25:54.826 INFORMAÇÕES [http-nio-8080-exec-7] org.apache.catalina.startup.HostConfig.deployDescriptor Deployment of deployment descriptor [C:\Users\USUARIO\Downloads\apache-tomcat-9.0.41-windows-x86\apache-tomcat-9.0.41\conf\Catalina\localhost\ProjetoPortaria.xml] has finished in [121] ms
25-Jul-2021 21:25:54.831 INFORMAÇÕES [http-nio-8080-exec-7] org.apache.catalina.util.LifecycleBase.start The start() method was called on component [StandardEngine[Catalina].StandardHost[localhost].StandardContext[/ProjetoPortaria]] after start() had already been called. The second call will be ignored.
25-Jul-2021 21:46:24.986 INFORMAÇÕES [main] org.apache.catalina.core.StandardServer.await A valid shutdown command was received via the shutdown port. Stopping the Server instance.
25-Jul-2021 21:46:24.987 INFORMAÇÕES [main] org.apache.coyote.AbstractProtocol.pause Pausing ProtocolHandler ["http-nio-8080"]
25-Jul-2021 21:46:25.089 INFORMAÇÕES [main] org.apache.catalina.core.StandardService.stopInternal Stopping service [Catalina]
25-Jul-2021 21:46:25.171 INFORMAÇÕES [main] org.apache.coyote.AbstractProtocol.stop Stopping ProtocolHandler ["http-nio-8080"]
25-Jul-2021 21:46:25.204 INFORMAÇÕES [main] org.apache.coyote.AbstractProtocol.destroy Destroying ProtocolHandler ["http-nio-8080"]
25-Jul-2021 21:46:52.403 INFORMAÇÕES [main] org.apache.catalina.startup.VersionLoggerListener.log Server version name:   Apache Tomcat/9.0.41
25-Jul-2021 21:46:52.405 INFORMAÇÕES [main] org.apache.catalina.startup.VersionLoggerListener.log Server built:          Dec 3 2020 11:43:00 UTC
25-Jul-2021 21:46:52.405 INFORMAÇÕES [main] org.apache.catalina.startup.VersionLoggerListener.log Server version number: 9.0.41.0
25-Jul-2021 21:46:52.406 INFORMAÇÕES [main] org.apache.catalina.startup.VersionLoggerListener.log OS Name:               Windows 10
25-Jul-2021 21:46:52.406 INFORMAÇÕES [main] org.apache.catalina.startup.VersionLoggerListener.log OS Version:            10.0
25-Jul-2021 21:46:52.406 INFORMAÇÕES [main] org.apache.catalina.startup.VersionLoggerListener.log Architecture:          amd64
25-Jul-2021 21:46:52.406 INFORMAÇÕES [main] org.apache.catalina.startup.VersionLoggerListener.log Java Home:             C:\Program Files\Java\jdk1.8.0_202\jre
25-Jul-2021 21:46:52.406 INFORMAÇÕES [main] org.apache.catalina.startup.VersionLoggerListener.log JVM Version:           1.8.0_202-b08
25-Jul-2021 21:46:52.406 INFORMAÇÕES [main] org.apache.catalina.startup.VersionLoggerListener.log JVM Vendor:            Oracle Corporation
25-Jul-2021 21:46:52.406 INFORMAÇÕES [main] org.apache.catalina.startup.VersionLoggerListener.log CATALINA_BASE:         C:\Users\USUARIO\Downloads\apache-tomcat-9.0.41-windows-x86\apache-tomcat-9.0.41
25-Jul-2021 21:46:52.406 INFORMAÇÕES [main] org.apache.catalina.startup.VersionLoggerListener.log CATALINA_HOME:         C:\Users\USUARIO\Downloads\apache-tomcat-9.0.41-windows-x86\apache-tomcat-9.0.41
25-Jul-2021 21:46:52.407 INFORMAÇÕES [main] org.apache.catalina.startup.VersionLoggerListener.log Command line argument: -Djava.util.logging.config.file=C:\Users\USUARIO\Downloads\apache-tomcat-9.0.41-windows-x86\apache-tomcat-9.0.41\conf\logging.properties
25-Jul-2021 21:46:52.407 INFORMAÇÕES [main] org.apache.catalina.startup.VersionLoggerListener.log Command line argument: -Djava.util.logging.manager=org.apache.juli.ClassLoaderLogManager
25-Jul-2021 21:46:52.407 INFORMAÇÕES [main] org.apache.catalina.startup.VersionLoggerListener.log Command line argument: -Dhttp.nonProxyHosts=localhost|127.0.0.1|DESKTOP-LAI5ES6
25-Jul-2021 21:46:52.407 INFORMAÇÕES [main] org.apache.catalina.startup.VersionLoggerListener.log Command line argument: -Djdk.tls.ephemeralDHKeySize=2048
25-Jul-2021 21:46:52.407 INFORMAÇÕES [main] org.apache.catalina.startup.VersionLoggerListener.log Command line argument: -Djava.protocol.handler.pkgs=org.apache.catalina.webresources
25-Jul-2021 21:46:52.407 INFORMAÇÕES [main] org.apache.catalina.startup.VersionLoggerListener.log Command line argument: -Dignore.endorsed.dirs=
25-Jul-2021 21:46:52.408 INFORMAÇÕES [main] org.apache.catalina.startup.VersionLoggerListener.log Command line argument: -Dcatalina.base=C:\Users\USUARIO\Downloads\apache-tomcat-9.0.41-windows-x86\apache-tomcat-9.0.41
25-Jul-2021 21:46:52.408 INFORMAÇÕES [main] org.apache.catalina.startup.VersionLoggerListener.log Command line argument: -Dcatalina.home=C:\Users\USUARIO\Downloads\apache-tomcat-9.0.41-windows-x86\apache-tomcat-9.0.41
25-Jul-2021 21:46:52.408 INFORMAÇÕES [main] org.apache.catalina.startup.VersionLoggerListener.log Command line argument: -Djava.io.tmpdir=C:\Users\USUARIO\Downloads\apache-tomcat-9.0.41-windows-x86\apache-tomcat-9.0.41\temp
25-Jul-2021 21:46:52.411 ADVERTÊNCIA [main] org.apache.catalina.core.AprLifecycleListener.init The Apache Tomcat Native library failed to load. The error reported was [C:\Users\USUARIO\Downloads\apache-tomcat-9.0.41-windows-x86\apache-tomcat-9.0.41\bin\tcnative-1.dll: Can't load IA 32-bit .dll on a AMD 64-bit platform]
	java.lang.UnsatisfiedLinkError: C:\Users\USUARIO\Downloads\apache-tomcat-9.0.41-windows-x86\apache-tomcat-9.0.41\bin\tcnative-1.dll: Can't load IA 32-bit .dll on a AMD 64-bit platform
		at java.lang.ClassLoader$NativeLibrary.load(Native Method)
		at java.lang.ClassLoader.loadLibrary0(ClassLoader.java:1941)
		at java.lang.ClassLoader.loadLibrary(ClassLoader.java:1824)
		at java.lang.Runtime.load0(Runtime.java:809)
		at java.lang.System.load(System.java:1086)
		at org.apache.tomcat.jni.Library.<init>(Library.java:42)
		at org.apache.tomcat.jni.Library.initialize(Library.java:206)
		at org.apache.catalina.core.AprLifecycleListener.init(AprLifecycleListener.java:193)
		at org.apache.catalina.core.AprLifecycleListener.lifecycleEvent(AprLifecycleListener.java:124)
		at org.apache.catalina.util.LifecycleBase.fireLifecycleEvent(LifecycleBase.java:123)
		at org.apache.catalina.util.LifecycleBase.setStateInternal(LifecycleBase.java:423)
		at org.apache.catalina.util.LifecycleBase.init(LifecycleBase.java:135)
		at org.apache.catalina.startup.Catalina.load(Catalina.java:724)
		at org.apache.catalina.startup.Catalina.load(Catalina.java:746)
		at sun.reflect.NativeMethodAccessorImpl.invoke0(Native Method)
		at sun.reflect.NativeMethodAccessorImpl.invoke(NativeMethodAccessorImpl.java:62)
		at sun.reflect.DelegatingMethodAccessorImpl.invoke(DelegatingMethodAccessorImpl.java:43)
		at java.lang.reflect.Method.invoke(Method.java:498)
		at org.apache.catalina.startup.Bootstrap.load(Bootstrap.java:302)
		at org.apache.catalina.startup.Bootstrap.main(Bootstrap.java:472)
25-Jul-2021 21:46:53.198 INFORMAÇÕES [main] org.apache.coyote.AbstractProtocol.init Initializing ProtocolHandler ["http-nio-8080"]
25-Jul-2021 21:46:53.380 INFORMAÇÕES [main] org.apache.catalina.startup.Catalina.load Server initialization in [1167] milliseconds
25-Jul-2021 21:46:53.426 INFORMAÇÕES [main] org.apache.catalina.core.StandardService.startInternal Starting service [Catalina]
25-Jul-2021 21:46:53.427 INFORMAÇÕES [main] org.apache.catalina.core.StandardEngine.startInternal Starting Servlet engine: [Apache Tomcat/9.0.41]
25-Jul-2021 21:46:53.434 INFORMAÇÕES [main] org.apache.catalina.startup.HostConfig.deployDescriptor Deploying deployment descriptor [C:\Users\USUARIO\Downloads\apache-tomcat-9.0.41-windows-x86\apache-tomcat-9.0.41\conf\Catalina\localhost\ProjetoPortaria.xml]
25-Jul-2021 21:46:53.449 ADVERTÊNCIA [main] org.apache.catalina.startup.HostConfig.deployDescriptor The path attribute with value [/ProjetoPortaria] in deployment descriptor [C:\Users\USUARIO\Downloads\apache-tomcat-9.0.41-windows-x86\apache-tomcat-9.0.41\conf\Catalina\localhost\ProjetoPortaria.xml] has been ignored
25-Jul-2021 21:46:53.820 INFORMAÇÕES [main] org.apache.jasper.servlet.TldScanner.scanJars At least one JAR was scanned for TLDs yet contained no TLDs. Enable debug logging for this logger for a complete list of JARs that were scanned but no TLDs were found in them. Skipping unneeded JARs during scanning can improve startup time and JSP compilation time.
25-Jul-2021 21:46:53.890 INFORMAÇÕES [main] org.apache.catalina.startup.HostConfig.deployDescriptor Deployment of deployment descriptor [C:\Users\USUARIO\Downloads\apache-tomcat-9.0.41-windows-x86\apache-tomcat-9.0.41\conf\Catalina\localhost\ProjetoPortaria.xml] has finished in [454] ms
25-Jul-2021 21:46:53.891 INFORMAÇÕES [main] org.apache.catalina.startup.HostConfig.deployDirectory Diretório de instalação da aplicação web [C:\Users\USUARIO\Downloads\apache-tomcat-9.0.41-windows-x86\apache-tomcat-9.0.41\webapps\docs]
25-Jul-2021 21:46:53.916 INFORMAÇÕES [main] org.apache.catalina.startup.HostConfig.deployDirectory Deployment of web application directory [C:\Users\USUARIO\Downloads\apache-tomcat-9.0.41-windows-x86\apache-tomcat-9.0.41\webapps\docs] has finished in [25] ms
25-Jul-2021 21:46:53.918 INFORMAÇÕES [main] org.apache.catalina.startup.HostConfig.deployDirectory Diretório de instalação da aplicação web [C:\Users\USUARIO\Downloads\apache-tomcat-9.0.41-windows-x86\apache-tomcat-9.0.41\webapps\examples]
25-Jul-2021 21:46:54.231 INFORMAÇÕES [main] org.apache.catalina.startup.HostConfig.deployDirectory Deployment of web application directory [C:\Users\USUARIO\Downloads\apache-tomcat-9.0.41-windows-x86\apache-tomcat-9.0.41\webapps\examples] has finished in [313] ms
25-Jul-2021 21:46:54.231 INFORMAÇÕES [main] org.apache.catalina.startup.HostConfig.deployDirectory Diretório de instalação da aplicação web [C:\Users\USUARIO\Downloads\apache-tomcat-9.0.41-windows-x86\apache-tomcat-9.0.41\webapps\host-manager]
25-Jul-2021 21:46:54.265 INFORMAÇÕES [main] org.apache.catalina.startup.HostConfig.deployDirectory Deployment of web application directory [C:\Users\USUARIO\Downloads\apache-tomcat-9.0.41-windows-x86\apache-tomcat-9.0.41\webapps\host-manager] has finished in [34] ms
25-Jul-2021 21:46:54.265 INFORMAÇÕES [main] org.apache.catalina.startup.HostConfig.deployDirectory Diretório de instalação da aplicação web [C:\Users\USUARIO\Downloads\apache-tomcat-9.0.41-windows-x86\apache-tomcat-9.0.41\webapps\manager]
25-Jul-2021 21:46:54.341 INFORMAÇÕES [main] org.apache.catalina.startup.HostConfig.deployDirectory Deployment of web application directory [C:\Users\USUARIO\Downloads\apache-tomcat-9.0.41-windows-x86\apache-tomcat-9.0.41\webapps\manager] has finished in [76] ms
25-Jul-2021 21:46:54.341 INFORMAÇÕES [main] org.apache.catalina.startup.HostConfig.deployDirectory Diretório de instalação da aplicação web [C:\Users\USUARIO\Downloads\apache-tomcat-9.0.41-windows-x86\apache-tomcat-9.0.41\webapps\ROOT]
25-Jul-2021 21:46:54.368 INFORMAÇÕES [main] org.apache.catalina.startup.HostConfig.deployDirectory Deployment of web application directory [C:\Users\USUARIO\Downloads\apache-tomcat-9.0.41-windows-x86\apache-tomcat-9.0.41\webapps\ROOT] has finished in [26] ms
25-Jul-2021 21:46:54.372 INFORMAÇÕES [main] org.apache.coyote.AbstractProtocol.start Starting ProtocolHandler ["http-nio-8080"]
25-Jul-2021 21:46:54.386 INFORMAÇÕES [main] org.apache.catalina.startup.Catalina.start Server startup in [1004] milliseconds
25-Jul-2021 21:47:15.150 INFORMAÇÕES [main] org.apache.catalina.core.StandardServer.await A valid shutdown command was received via the shutdown port. Stopping the Server instance.
25-Jul-2021 21:47:15.150 INFORMAÇÕES [main] org.apache.coyote.AbstractProtocol.pause Pausing ProtocolHandler ["http-nio-8080"]
25-Jul-2021 21:47:15.224 INFORMAÇÕES [main] org.apache.catalina.core.StandardService.stopInternal Stopping service [Catalina]
25-Jul-2021 21:47:15.255 INFORMAÇÕES [main] org.apache.coyote.AbstractProtocol.stop Stopping ProtocolHandler ["http-nio-8080"]
25-Jul-2021 21:47:15.271 INFORMAÇÕES [main] org.apache.coyote.AbstractProtocol.destroy Destroying ProtocolHandler ["http-nio-8080"]
