27-Jul-2021 15:57:34.763 INFORMAÇÕES [main] org.apache.catalina.startup.VersionLoggerListener.log Server version name:   Apache Tomcat/9.0.41
27-Jul-2021 15:57:34.765 INFORMAÇÕES [main] org.apache.catalina.startup.VersionLoggerListener.log Server built:          Dec 3 2020 11:43:00 UTC
27-Jul-2021 15:57:34.765 INFORMAÇÕES [main] org.apache.catalina.startup.VersionLoggerListener.log Server version number: 9.0.41.0
27-Jul-2021 15:57:34.765 INFORMAÇÕES [main] org.apache.catalina.startup.VersionLoggerListener.log OS Name:               Windows 10
27-Jul-2021 15:57:34.765 INFORMAÇÕES [main] org.apache.catalina.startup.VersionLoggerListener.log OS Version:            10.0
27-Jul-2021 15:57:34.765 INFORMAÇÕES [main] org.apache.catalina.startup.VersionLoggerListener.log Architecture:          amd64
27-Jul-2021 15:57:34.765 INFORMAÇÕES [main] org.apache.catalina.startup.VersionLoggerListener.log Java Home:             C:\Program Files\Java\jdk1.8.0_202\jre
27-Jul-2021 15:57:34.765 INFORMAÇÕES [main] org.apache.catalina.startup.VersionLoggerListener.log JVM Version:           1.8.0_202-b08
27-Jul-2021 15:57:34.766 INFORMAÇÕES [main] org.apache.catalina.startup.VersionLoggerListener.log JVM Vendor:            Oracle Corporation
27-Jul-2021 15:57:34.766 INFORMAÇÕES [main] org.apache.catalina.startup.VersionLoggerListener.log CATALINA_BASE:         C:\Users\USUARIO\Downloads\apache-tomcat-9.0.41-windows-x86\apache-tomcat-9.0.41
27-Jul-2021 15:57:34.766 INFORMAÇÕES [main] org.apache.catalina.startup.VersionLoggerListener.log CATALINA_HOME:         C:\Users\USUARIO\Downloads\apache-tomcat-9.0.41-windows-x86\apache-tomcat-9.0.41
27-Jul-2021 15:57:34.767 INFORMAÇÕES [main] org.apache.catalina.startup.VersionLoggerListener.log Command line argument: -Djava.util.logging.config.file=C:\Users\USUARIO\Downloads\apache-tomcat-9.0.41-windows-x86\apache-tomcat-9.0.41\conf\logging.properties
27-Jul-2021 15:57:34.767 INFORMAÇÕES [main] org.apache.catalina.startup.VersionLoggerListener.log Command line argument: -Djava.util.logging.manager=org.apache.juli.ClassLoaderLogManager
27-Jul-2021 15:57:34.767 INFORMAÇÕES [main] org.apache.catalina.startup.VersionLoggerListener.log Command line argument: -Dhttp.nonProxyHosts=localhost|127.0.0.1|DESKTOP-LAI5ES6
27-Jul-2021 15:57:34.767 INFORMAÇÕES [main] org.apache.catalina.startup.VersionLoggerListener.log Command line argument: -Djdk.tls.ephemeralDHKeySize=2048
27-Jul-2021 15:57:34.768 INFORMAÇÕES [main] org.apache.catalina.startup.VersionLoggerListener.log Command line argument: -Djava.protocol.handler.pkgs=org.apache.catalina.webresources
27-Jul-2021 15:57:34.768 INFORMAÇÕES [main] org.apache.catalina.startup.VersionLoggerListener.log Command line argument: -Dignore.endorsed.dirs=
27-Jul-2021 15:57:34.768 INFORMAÇÕES [main] org.apache.catalina.startup.VersionLoggerListener.log Command line argument: -Dcatalina.base=C:\Users\USUARIO\Downloads\apache-tomcat-9.0.41-windows-x86\apache-tomcat-9.0.41
27-Jul-2021 15:57:34.768 INFORMAÇÕES [main] org.apache.catalina.startup.VersionLoggerListener.log Command line argument: -Dcatalina.home=C:\Users\USUARIO\Downloads\apache-tomcat-9.0.41-windows-x86\apache-tomcat-9.0.41
27-Jul-2021 15:57:34.768 INFORMAÇÕES [main] org.apache.catalina.startup.VersionLoggerListener.log Command line argument: -Djava.io.tmpdir=C:\Users\USUARIO\Downloads\apache-tomcat-9.0.41-windows-x86\apache-tomcat-9.0.41\temp
27-Jul-2021 15:57:34.792 ADVERTÊNCIA [main] org.apache.catalina.core.AprLifecycleListener.init The Apache Tomcat Native library failed to load. The error reported was [C:\Users\USUARIO\Downloads\apache-tomcat-9.0.41-windows-x86\apache-tomcat-9.0.41\bin\tcnative-1.dll: Can't load IA 32-bit .dll on a AMD 64-bit platform]
	java.lang.UnsatisfiedLinkError: C:\Users\USUARIO\Downloads\apache-tomcat-9.0.41-windows-x86\apache-tomcat-9.0.41\bin\tcnative-1.dll: Can't load IA 32-bit .dll on a AMD 64-bit platform
		at java.lang.ClassLoader$NativeLibrary.load(Native Method)
		at java.lang.ClassLoader.loadLibrary0(ClassLoader.java:1941)
		at java.lang.ClassLoader.loadLibrary(ClassLoader.java:1824)
		at java.lang.Runtime.load0(Runtime.java:809)
		at java.lang.System.load(System.java:1086)
		at org.apache.tomcat.jni.Library.<init>(Library.java:42)
		at org.apache.tomcat.jni.Library.initialize(Library.java:206)
		at org.apache.catalina.core.AprLifecycleListener.init(AprLifecycleListener.java:193)
		at org.apache.catalina.core.AprLifecycleListener.lifecycleEvent(AprLifecycleListener.java:124)
		at org.apache.catalina.util.LifecycleBase.fireLifecycleEvent(LifecycleBase.java:123)
		at org.apache.catalina.util.LifecycleBase.setStateInternal(LifecycleBase.java:423)
		at org.apache.catalina.util.LifecycleBase.init(LifecycleBase.java:135)
		at org.apache.catalina.startup.Catalina.load(Catalina.java:724)
		at org.apache.catalina.startup.Catalina.load(Catalina.java:746)
		at sun.reflect.NativeMethodAccessorImpl.invoke0(Native Method)
		at sun.reflect.NativeMethodAccessorImpl.invoke(NativeMethodAccessorImpl.java:62)
		at sun.reflect.DelegatingMethodAccessorImpl.invoke(DelegatingMethodAccessorImpl.java:43)
		at java.lang.reflect.Method.invoke(Method.java:498)
		at org.apache.catalina.startup.Bootstrap.load(Bootstrap.java:302)
		at org.apache.catalina.startup.Bootstrap.main(Bootstrap.java:472)
27-Jul-2021 15:57:35.564 INFORMAÇÕES [main] org.apache.coyote.AbstractProtocol.init Initializing ProtocolHandler ["http-nio-8080"]
27-Jul-2021 15:57:35.793 INFORMAÇÕES [main] org.apache.catalina.startup.Catalina.load Server initialization in [1713] milliseconds
27-Jul-2021 15:57:35.963 INFORMAÇÕES [main] org.apache.catalina.core.StandardService.startInternal Starting service [Catalina]
27-Jul-2021 15:57:35.964 INFORMAÇÕES [main] org.apache.catalina.core.StandardEngine.startInternal Starting Servlet engine: [Apache Tomcat/9.0.41]
27-Jul-2021 15:57:35.977 INFORMAÇÕES [main] org.apache.catalina.startup.HostConfig.deployDescriptor Deploying deployment descriptor [C:\Users\USUARIO\Downloads\apache-tomcat-9.0.41-windows-x86\apache-tomcat-9.0.41\conf\Catalina\localhost\ProjetoPortaria.xml]
27-Jul-2021 15:57:36.031 ADVERTÊNCIA [main] org.apache.catalina.startup.HostConfig.deployDescriptor The path attribute with value [/ProjetoPortaria] in deployment descriptor [C:\Users\USUARIO\Downloads\apache-tomcat-9.0.41-windows-x86\apache-tomcat-9.0.41\conf\Catalina\localhost\ProjetoPortaria.xml] has been ignored
27-Jul-2021 15:57:36.787 INFORMAÇÕES [main] org.apache.jasper.servlet.TldScanner.scanJars At least one JAR was scanned for TLDs yet contained no TLDs. Enable debug logging for this logger for a complete list of JARs that were scanned but no TLDs were found in them. Skipping unneeded JARs during scanning can improve startup time and JSP compilation time.
27-Jul-2021 15:57:36.899 INFORMAÇÕES [main] org.apache.catalina.startup.HostConfig.deployDescriptor Deployment of deployment descriptor [C:\Users\USUARIO\Downloads\apache-tomcat-9.0.41-windows-x86\apache-tomcat-9.0.41\conf\Catalina\localhost\ProjetoPortaria.xml] has finished in [920] ms
27-Jul-2021 15:57:36.902 INFORMAÇÕES [main] org.apache.catalina.startup.HostConfig.deployDirectory Diretório de instalação da aplicação web [C:\Users\USUARIO\Downloads\apache-tomcat-9.0.41-windows-x86\apache-tomcat-9.0.41\webapps\docs]
27-Jul-2021 15:57:36.981 INFORMAÇÕES [main] org.apache.catalina.startup.HostConfig.deployDirectory Deployment of web application directory [C:\Users\USUARIO\Downloads\apache-tomcat-9.0.41-windows-x86\apache-tomcat-9.0.41\webapps\docs] has finished in [79] ms
27-Jul-2021 15:57:36.981 INFORMAÇÕES [main] org.apache.catalina.startup.HostConfig.deployDirectory Diretório de instalação da aplicação web [C:\Users\USUARIO\Downloads\apache-tomcat-9.0.41-windows-x86\apache-tomcat-9.0.41\webapps\examples]
27-Jul-2021 15:57:38.345 INFORMAÇÕES [main] org.apache.catalina.startup.HostConfig.deployDirectory Deployment of web application directory [C:\Users\USUARIO\Downloads\apache-tomcat-9.0.41-windows-x86\apache-tomcat-9.0.41\webapps\examples] has finished in [1.364] ms
27-Jul-2021 15:57:38.346 INFORMAÇÕES [main] org.apache.catalina.startup.HostConfig.deployDirectory Diretório de instalação da aplicação web [C:\Users\USUARIO\Downloads\apache-tomcat-9.0.41-windows-x86\apache-tomcat-9.0.41\webapps\host-manager]
27-Jul-2021 15:57:38.427 INFORMAÇÕES [main] org.apache.catalina.startup.HostConfig.deployDirectory Deployment of web application directory [C:\Users\USUARIO\Downloads\apache-tomcat-9.0.41-windows-x86\apache-tomcat-9.0.41\webapps\host-manager] has finished in [81] ms
27-Jul-2021 15:57:38.427 INFORMAÇÕES [main] org.apache.catalina.startup.HostConfig.deployDirectory Diretório de instalação da aplicação web [C:\Users\USUARIO\Downloads\apache-tomcat-9.0.41-windows-x86\apache-tomcat-9.0.41\webapps\manager]
27-Jul-2021 15:57:38.538 INFORMAÇÕES [main] org.apache.catalina.startup.HostConfig.deployDirectory Deployment of web application directory [C:\Users\USUARIO\Downloads\apache-tomcat-9.0.41-windows-x86\apache-tomcat-9.0.41\webapps\manager] has finished in [111] ms
27-Jul-2021 15:57:38.538 INFORMAÇÕES [main] org.apache.catalina.startup.HostConfig.deployDirectory Diretório de instalação da aplicação web [C:\Users\USUARIO\Downloads\apache-tomcat-9.0.41-windows-x86\apache-tomcat-9.0.41\webapps\ROOT]
27-Jul-2021 15:57:38.629 INFORMAÇÕES [main] org.apache.catalina.startup.HostConfig.deployDirectory Deployment of web application directory [C:\Users\USUARIO\Downloads\apache-tomcat-9.0.41-windows-x86\apache-tomcat-9.0.41\webapps\ROOT] has finished in [90] ms
27-Jul-2021 15:57:38.635 INFORMAÇÕES [main] org.apache.coyote.AbstractProtocol.start Starting ProtocolHandler ["http-nio-8080"]
27-Jul-2021 15:57:38.709 INFORMAÇÕES [main] org.apache.catalina.startup.Catalina.start Server startup in [2916] milliseconds
27-Jul-2021 18:29:32.281 INFORMAÇÕES [main] org.apache.catalina.core.StandardServer.await A valid shutdown command was received via the shutdown port. Stopping the Server instance.
27-Jul-2021 18:29:32.281 INFORMAÇÕES [main] org.apache.coyote.AbstractProtocol.pause Pausing ProtocolHandler ["http-nio-8080"]
27-Jul-2021 18:29:32.365 INFORMAÇÕES [main] org.apache.catalina.core.StandardService.stopInternal Stopping service [Catalina]
27-Jul-2021 18:29:32.412 INFORMAÇÕES [main] org.apache.coyote.AbstractProtocol.stop Stopping ProtocolHandler ["http-nio-8080"]
27-Jul-2021 18:29:32.462 INFORMAÇÕES [main] org.apache.coyote.AbstractProtocol.destroy Destroying ProtocolHandler ["http-nio-8080"]
