!SESSION 2023-08-22 17:30:00.822 -----------------------------------------------
eclipse.buildId=4.28.0.20230608-1200
java.version=17.0.7
java.vendor=Eclipse Adoptium
BootLoader constants: OS=win32, ARCH=x86_64, WS=win32, NL=pt_BR
Framework arguments:  -product org.eclipse.epp.package.jee.product
Command-line arguments:  -os win32 -ws win32 -arch x86_64 -product org.eclipse.epp.package.jee.product

!ENTRY org.eclipse.emf.ecore 2 0 2023-08-22 17:30:02.486
!MESSAGE Both 'org.eclipse.jst.j2ee.core' and 'org.eclipse.jst.j2ee.core' register a package for 'application.xmi'

!ENTRY org.eclipse.update.configurator 4 0 2023-08-22 17:30:03.014
!MESSAGE Unable to find feature.xml in directory: C:\Users\USUARIO\Downloads\eclipse\features\org.eclipse.buildship_3.1.7.v20230428-1350

!ENTRY org.eclipse.equinox.p2.publisher.eclipse 2 0 2023-08-22 17:30:20.610
!MESSAGE An error occurred while loading the manifest C:\Users\USUARIO\Downloads\eclipse\plugins\org.apache.lucene.core_7.5.0.v20181003-1532.jar.
!STACK 0
java.util.zip.ZipException: zip file is empty
	at java.base/java.util.zip.ZipFile$Source.zerror(ZipFile.java:1598)
	at java.base/java.util.zip.ZipFile$Source.findEND(ZipFile.java:1382)
	at java.base/java.util.zip.ZipFile$Source.initCEN(ZipFile.java:1477)
	at java.base/java.util.zip.ZipFile$Source.<init>(ZipFile.java:1315)
	at java.base/java.util.zip.ZipFile$Source.get(ZipFile.java:1277)
	at java.base/java.util.zip.ZipFile$CleanableResource.<init>(ZipFile.java:709)
	at java.base/java.util.zip.ZipFile.<init>(ZipFile.java:243)
	at java.base/java.util.zip.ZipFile.<init>(ZipFile.java:172)
	at org.eclipse.equinox.p2.publisher.eclipse.BundlesAction.basicLoadManifest(BundlesAction.java:833)
	at org.eclipse.equinox.p2.publisher.eclipse.BundlesAction.loadManifest(BundlesAction.java:802)
	at org.eclipse.equinox.p2.publisher.eclipse.BundlesAction.createBundleDescription(BundlesAction.java:779)
	at org.eclipse.equinox.p2.publisher.eclipse.BundlesAction.createBundleDescriptionIgnoringExceptions(BundlesAction.java:763)
	at org.eclipse.equinox.internal.provisional.p2.directorywatcher.RepositoryListener.processBundle(RepositoryListener.java:148)
	at org.eclipse.equinox.internal.provisional.p2.directorywatcher.RepositoryListener.process(RepositoryListener.java:143)
	at org.eclipse.equinox.internal.provisional.p2.directorywatcher.RepositoryListener.added(RepositoryListener.java:122)
	at org.eclipse.equinox.internal.p2.extensionlocation.BundlePoolFilteredListener.added(BundlePoolFilteredListener.java:42)
	at org.eclipse.equinox.internal.p2.extensionlocation.SiteListener.added(SiteListener.java:326)
	at org.eclipse.equinox.internal.provisional.p2.directorywatcher.DirectoryWatcher.processFile(DirectoryWatcher.java:199)
	at org.eclipse.equinox.internal.provisional.p2.directorywatcher.DirectoryWatcher.scanDirectories(DirectoryWatcher.java:162)
	at org.eclipse.equinox.internal.provisional.p2.directorywatcher.DirectoryWatcher.poll(DirectoryWatcher.java:112)
	at org.eclipse.equinox.internal.p2.extensionlocation.SiteListener.synchronizeRepositories(SiteListener.java:116)
	at org.eclipse.equinox.internal.p2.extensionlocation.ExtensionLocationArtifactRepository.ensureInitialized(ExtensionLocationArtifactRepository.java:69)
	at org.eclipse.equinox.internal.p2.extensionlocation.ExtensionLocationArtifactRepository.getProperties(ExtensionLocationArtifactRepository.java:283)
	at org.eclipse.equinox.internal.p2.repository.helpers.AbstractRepositoryManager.addRepository(AbstractRepositoryManager.java:132)
	at org.eclipse.equinox.internal.p2.repository.helpers.AbstractRepositoryManager.loadRepository(AbstractRepositoryManager.java:691)
	at org.eclipse.equinox.internal.p2.artifact.repository.ArtifactRepositoryManager.loadRepository(ArtifactRepositoryManager.java:131)
	at org.eclipse.equinox.internal.p2.artifact.repository.ArtifactRepositoryManager.loadRepository(ArtifactRepositoryManager.java:125)
	at org.eclipse.equinox.internal.p2.touchpoint.eclipse.Util.getRunnableRepositories(Util.java:175)
	at org.eclipse.equinox.internal.p2.touchpoint.eclipse.Util.getAggregatedBundleRepository(Util.java:166)
	at org.eclipse.equinox.internal.p2.extensionlocation.Activator.getBundlePoolRepository(Activator.java:85)
	at org.eclipse.equinox.internal.p2.extensionlocation.BundlePoolFilteredListener.<init>(BundlePoolFilteredListener.java:30)
	at org.eclipse.equinox.internal.p2.extensionlocation.SiteListener.synchronizeRepositories(SiteListener.java:114)
	at org.eclipse.equinox.internal.p2.extensionlocation.ExtensionLocationMetadataRepository.ensureInitialized(ExtensionLocationMetadataRepository.java:68)
	at org.eclipse.equinox.internal.p2.extensionlocation.ExtensionLocationMetadataRepository.getProperties(ExtensionLocationMetadataRepository.java:177)
	at org.eclipse.equinox.internal.p2.repository.helpers.AbstractRepositoryManager.addRepository(AbstractRepositoryManager.java:132)
	at org.eclipse.equinox.internal.p2.repository.helpers.AbstractRepositoryManager.loadRepository(AbstractRepositoryManager.java:691)
	at org.eclipse.equinox.internal.p2.metadata.repository.MetadataRepositoryManager.loadRepository(MetadataRepositoryManager.java:110)
	at org.eclipse.equinox.internal.p2.metadata.repository.MetadataRepositoryManager.loadRepository(MetadataRepositoryManager.java:105)
	at org.eclipse.equinox.internal.p2.reconciler.dropins.Activator.loadMetadataRepository(Activator.java:104)
	at org.eclipse.equinox.internal.p2.reconciler.dropins.PlatformXmlListener.synchronizeConfiguration(PlatformXmlListener.java:216)
	at org.eclipse.equinox.internal.p2.reconciler.dropins.PlatformXmlListener.stopPoll(PlatformXmlListener.java:122)
	at org.eclipse.equinox.internal.provisional.p2.directorywatcher.DirectoryWatcher.stopPoll(DirectoryWatcher.java:173)
	at org.eclipse.equinox.internal.provisional.p2.directorywatcher.DirectoryWatcher.poll(DirectoryWatcher.java:113)
	at org.eclipse.equinox.internal.p2.reconciler.dropins.Activator.watchConfiguration(Activator.java:494)
	at org.eclipse.equinox.internal.p2.reconciler.dropins.Activator.start(Activator.java:177)
	at org.eclipse.osgi.internal.framework.BundleContextImpl$2.run(BundleContextImpl.java:818)
	at org.eclipse.osgi.internal.framework.BundleContextImpl$2.run(BundleContextImpl.java:1)
	at java.base/java.security.AccessController.doPrivileged(AccessController.java:569)
	at org.eclipse.osgi.internal.framework.BundleContextImpl.startActivator(BundleContextImpl.java:810)
	at org.eclipse.osgi.internal.framework.BundleContextImpl.start(BundleContextImpl.java:767)
	at org.eclipse.osgi.internal.framework.EquinoxBundle.startWorker0(EquinoxBundle.java:1032)
	at org.eclipse.osgi.internal.framework.EquinoxBundle$EquinoxModule.startWorker(EquinoxBundle.java:371)
	at org.eclipse.osgi.container.Module.doStart(Module.java:605)
	at org.eclipse.osgi.container.Module.start(Module.java:468)
	at org.eclipse.osgi.container.ModuleContainer$ContainerStartLevel$2.run(ModuleContainer.java:1852)
	at org.eclipse.osgi.internal.framework.EquinoxContainerAdaptor$1$1.execute(EquinoxContainerAdaptor.java:136)
	at org.eclipse.osgi.container.ModuleContainer$ContainerStartLevel.incStartLevel(ModuleContainer.java:1845)
	at org.eclipse.osgi.container.ModuleContainer$ContainerStartLevel.incStartLevel(ModuleContainer.java:1788)
	at org.eclipse.osgi.container.ModuleContainer$ContainerStartLevel.doContainerStartLevel(ModuleContainer.java:1750)
	at org.eclipse.osgi.container.ModuleContainer$ContainerStartLevel.dispatchEvent(ModuleContainer.java:1672)
	at org.eclipse.osgi.container.ModuleContainer$ContainerStartLevel.dispatchEvent(ModuleContainer.java:1)
	at org.eclipse.osgi.framework.eventmgr.EventManager.dispatchEvent(EventManager.java:234)
	at org.eclipse.osgi.framework.eventmgr.EventManager$EventThread.run(EventManager.java:345)

!ENTRY org.eclipse.equinox.p2.publisher.eclipse 2 0 2023-08-22 17:30:36.969
!MESSAGE An error occurred while loading the manifest C:\Users\USUARIO\Downloads\eclipse\plugins\org.fusesource.ide.camel.model.service.impl.v2181redhat000026_11.19.0.v20230425-0743.jar.
!STACK 0
java.util.zip.ZipException: zip file is empty
	at java.base/java.util.zip.ZipFile$Source.zerror(ZipFile.java:1598)
	at java.base/java.util.zip.ZipFile$Source.findEND(ZipFile.java:1382)
	at java.base/java.util.zip.ZipFile$Source.initCEN(ZipFile.java:1477)
	at java.base/java.util.zip.ZipFile$Source.<init>(ZipFile.java:1315)
	at java.base/java.util.zip.ZipFile$Source.get(ZipFile.java:1277)
	at java.base/java.util.zip.ZipFile$CleanableResource.<init>(ZipFile.java:709)
	at java.base/java.util.zip.ZipFile.<init>(ZipFile.java:243)
	at java.base/java.util.zip.ZipFile.<init>(ZipFile.java:172)
	at org.eclipse.equinox.p2.publisher.eclipse.BundlesAction.basicLoadManifest(BundlesAction.java:833)
	at org.eclipse.equinox.p2.publisher.eclipse.BundlesAction.loadManifest(BundlesAction.java:802)
	at org.eclipse.equinox.p2.publisher.eclipse.BundlesAction.createBundleDescription(BundlesAction.java:779)
	at org.eclipse.equinox.p2.publisher.eclipse.BundlesAction.createBundleDescriptionIgnoringExceptions(BundlesAction.java:763)
	at org.eclipse.equinox.internal.provisional.p2.directorywatcher.RepositoryListener.processBundle(RepositoryListener.java:148)
	at org.eclipse.equinox.internal.provisional.p2.directorywatcher.RepositoryListener.process(RepositoryListener.java:143)
	at org.eclipse.equinox.internal.provisional.p2.directorywatcher.RepositoryListener.added(RepositoryListener.java:122)
	at org.eclipse.equinox.internal.p2.extensionlocation.BundlePoolFilteredListener.added(BundlePoolFilteredListener.java:42)
	at org.eclipse.equinox.internal.p2.extensionlocation.SiteListener.added(SiteListener.java:326)
	at org.eclipse.equinox.internal.provisional.p2.directorywatcher.DirectoryWatcher.processFile(DirectoryWatcher.java:199)
	at org.eclipse.equinox.internal.provisional.p2.directorywatcher.DirectoryWatcher.scanDirectories(DirectoryWatcher.java:162)
	at org.eclipse.equinox.internal.provisional.p2.directorywatcher.DirectoryWatcher.poll(DirectoryWatcher.java:112)
	at org.eclipse.equinox.internal.p2.extensionlocation.SiteListener.synchronizeRepositories(SiteListener.java:116)
	at org.eclipse.equinox.internal.p2.extensionlocation.ExtensionLocationMetadataRepository.ensureInitialized(ExtensionLocationMetadataRepository.java:68)
	at org.eclipse.equinox.internal.p2.extensionlocation.ExtensionLocationMetadataRepository.getProperties(ExtensionLocationMetadataRepository.java:177)
	at org.eclipse.equinox.internal.p2.repository.helpers.AbstractRepositoryManager.addRepository(AbstractRepositoryManager.java:132)
	at org.eclipse.equinox.internal.p2.repository.helpers.AbstractRepositoryManager.loadRepository(AbstractRepositoryManager.java:691)
	at org.eclipse.equinox.internal.p2.metadata.repository.MetadataRepositoryManager.loadRepository(MetadataRepositoryManager.java:110)
	at org.eclipse.equinox.internal.p2.metadata.repository.MetadataRepositoryManager.loadRepository(MetadataRepositoryManager.java:105)
	at org.eclipse.equinox.internal.p2.reconciler.dropins.Activator.loadMetadataRepository(Activator.java:104)
	at org.eclipse.equinox.internal.p2.reconciler.dropins.PlatformXmlListener.synchronizeConfiguration(PlatformXmlListener.java:216)
	at org.eclipse.equinox.internal.p2.reconciler.dropins.PlatformXmlListener.stopPoll(PlatformXmlListener.java:122)
	at org.eclipse.equinox.internal.provisional.p2.directorywatcher.DirectoryWatcher.stopPoll(DirectoryWatcher.java:173)
	at org.eclipse.equinox.internal.provisional.p2.directorywatcher.DirectoryWatcher.poll(DirectoryWatcher.java:113)
	at org.eclipse.equinox.internal.p2.reconciler.dropins.Activator.watchConfiguration(Activator.java:494)
	at org.eclipse.equinox.internal.p2.reconciler.dropins.Activator.start(Activator.java:177)
	at org.eclipse.osgi.internal.framework.BundleContextImpl$2.run(BundleContextImpl.java:818)
	at org.eclipse.osgi.internal.framework.BundleContextImpl$2.run(BundleContextImpl.java:1)
	at java.base/java.security.AccessController.doPrivileged(AccessController.java:569)
	at org.eclipse.osgi.internal.framework.BundleContextImpl.startActivator(BundleContextImpl.java:810)
	at org.eclipse.osgi.internal.framework.BundleContextImpl.start(BundleContextImpl.java:767)
	at org.eclipse.osgi.internal.framework.EquinoxBundle.startWorker0(EquinoxBundle.java:1032)
	at org.eclipse.osgi.internal.framework.EquinoxBundle$EquinoxModule.startWorker(EquinoxBundle.java:371)
	at org.eclipse.osgi.container.Module.doStart(Module.java:605)
	at org.eclipse.osgi.container.Module.start(Module.java:468)
	at org.eclipse.osgi.container.ModuleContainer$ContainerStartLevel$2.run(ModuleContainer.java:1852)
	at org.eclipse.osgi.internal.framework.EquinoxContainerAdaptor$1$1.execute(EquinoxContainerAdaptor.java:136)
	at org.eclipse.osgi.container.ModuleContainer$ContainerStartLevel.incStartLevel(ModuleContainer.java:1845)
	at org.eclipse.osgi.container.ModuleContainer$ContainerStartLevel.incStartLevel(ModuleContainer.java:1788)
	at org.eclipse.osgi.container.ModuleContainer$ContainerStartLevel.doContainerStartLevel(ModuleContainer.java:1750)
	at org.eclipse.osgi.container.ModuleContainer$ContainerStartLevel.dispatchEvent(ModuleContainer.java:1672)
	at org.eclipse.osgi.container.ModuleContainer$ContainerStartLevel.dispatchEvent(ModuleContainer.java:1)
	at org.eclipse.osgi.framework.eventmgr.EventManager.dispatchEvent(EventManager.java:234)
	at org.eclipse.osgi.framework.eventmgr.EventManager$EventThread.run(EventManager.java:345)

!ENTRY org.eclipse.equinox.p2.publisher.eclipse 2 0 2023-08-22 17:30:36.971
!MESSAGE An error occurred while loading the manifest C:\Users\USUARIO\Downloads\eclipse\plugins\org.fusesource.ide.camel.model.service.impl.v2210fuse000112redhat3_11.19.0.v20230425-0743.jar.
!STACK 0
java.util.zip.ZipException: zip file is empty
	at java.base/java.util.zip.ZipFile$Source.zerror(ZipFile.java:1598)
	at java.base/java.util.zip.ZipFile$Source.findEND(ZipFile.java:1382)
	at java.base/java.util.zip.ZipFile$Source.initCEN(ZipFile.java:1477)
	at java.base/java.util.zip.ZipFile$Source.<init>(ZipFile.java:1315)
	at java.base/java.util.zip.ZipFile$Source.get(ZipFile.java:1277)
	at java.base/java.util.zip.ZipFile$CleanableResource.<init>(ZipFile.java:709)
	at java.base/java.util.zip.ZipFile.<init>(ZipFile.java:243)
	at java.base/java.util.zip.ZipFile.<init>(ZipFile.java:172)
	at org.eclipse.equinox.p2.publisher.eclipse.BundlesAction.basicLoadManifest(BundlesAction.java:833)
	at org.eclipse.equinox.p2.publisher.eclipse.BundlesAction.loadManifest(BundlesAction.java:802)
	at org.eclipse.equinox.p2.publisher.eclipse.BundlesAction.createBundleDescription(BundlesAction.java:779)
	at org.eclipse.equinox.p2.publisher.eclipse.BundlesAction.createBundleDescriptionIgnoringExceptions(BundlesAction.java:763)
	at org.eclipse.equinox.internal.provisional.p2.directorywatcher.RepositoryListener.processBundle(RepositoryListener.java:148)
	at org.eclipse.equinox.internal.provisional.p2.directorywatcher.RepositoryListener.process(RepositoryListener.java:143)
	at org.eclipse.equinox.internal.provisional.p2.directorywatcher.RepositoryListener.added(RepositoryListener.java:122)
	at org.eclipse.equinox.internal.p2.extensionlocation.BundlePoolFilteredListener.added(BundlePoolFilteredListener.java:42)
	at org.eclipse.equinox.internal.p2.extensionlocation.SiteListener.added(SiteListener.java:326)
	at org.eclipse.equinox.internal.provisional.p2.directorywatcher.DirectoryWatcher.processFile(DirectoryWatcher.java:199)
	at org.eclipse.equinox.internal.provisional.p2.directorywatcher.DirectoryWatcher.scanDirectories(DirectoryWatcher.java:162)
	at org.eclipse.equinox.internal.provisional.p2.directorywatcher.DirectoryWatcher.poll(DirectoryWatcher.java:112)
	at org.eclipse.equinox.internal.p2.extensionlocation.SiteListener.synchronizeRepositories(SiteListener.java:116)
	at org.eclipse.equinox.internal.p2.extensionlocation.ExtensionLocationMetadataRepository.ensureInitialized(ExtensionLocationMetadataRepository.java:68)
	at org.eclipse.equinox.internal.p2.extensionlocation.ExtensionLocationMetadataRepository.getProperties(ExtensionLocationMetadataRepository.java:177)
	at org.eclipse.equinox.internal.p2.repository.helpers.AbstractRepositoryManager.addRepository(AbstractRepositoryManager.java:132)
	at org.eclipse.equinox.internal.p2.repository.helpers.AbstractRepositoryManager.loadRepository(AbstractRepositoryManager.java:691)
	at org.eclipse.equinox.internal.p2.metadata.repository.MetadataRepositoryManager.loadRepository(MetadataRepositoryManager.java:110)
	at org.eclipse.equinox.internal.p2.metadata.repository.MetadataRepositoryManager.loadRepository(MetadataRepositoryManager.java:105)
	at org.eclipse.equinox.internal.p2.reconciler.dropins.Activator.loadMetadataRepository(Activator.java:104)
	at org.eclipse.equinox.internal.p2.reconciler.dropins.PlatformXmlListener.synchronizeConfiguration(PlatformXmlListener.java:216)
	at org.eclipse.equinox.internal.p2.reconciler.dropins.PlatformXmlListener.stopPoll(PlatformXmlListener.java:122)
	at org.eclipse.equinox.internal.provisional.p2.directorywatcher.DirectoryWatcher.stopPoll(DirectoryWatcher.java:173)
	at org.eclipse.equinox.internal.provisional.p2.directorywatcher.DirectoryWatcher.poll(DirectoryWatcher.java:113)
	at org.eclipse.equinox.internal.p2.reconciler.dropins.Activator.watchConfiguration(Activator.java:494)
	at org.eclipse.equinox.internal.p2.reconciler.dropins.Activator.start(Activator.java:177)
	at org.eclipse.osgi.internal.framework.BundleContextImpl$2.run(BundleContextImpl.java:818)
	at org.eclipse.osgi.internal.framework.BundleContextImpl$2.run(BundleContextImpl.java:1)
	at java.base/java.security.AccessController.doPrivileged(AccessController.java:569)
	at org.eclipse.osgi.internal.framework.BundleContextImpl.startActivator(BundleContextImpl.java:810)
	at org.eclipse.osgi.internal.framework.BundleContextImpl.start(BundleContextImpl.java:767)
	at org.eclipse.osgi.internal.framework.EquinoxBundle.startWorker0(EquinoxBundle.java:1032)
	at org.eclipse.osgi.internal.framework.EquinoxBundle$EquinoxModule.startWorker(EquinoxBundle.java:371)
	at org.eclipse.osgi.container.Module.doStart(Module.java:605)
	at org.eclipse.osgi.container.Module.start(Module.java:468)
	at org.eclipse.osgi.container.ModuleContainer$ContainerStartLevel$2.run(ModuleContainer.java:1852)
	at org.eclipse.osgi.internal.framework.EquinoxContainerAdaptor$1$1.execute(EquinoxContainerAdaptor.java:136)
	at org.eclipse.osgi.container.ModuleContainer$ContainerStartLevel.incStartLevel(ModuleContainer.java:1845)
	at org.eclipse.osgi.container.ModuleContainer$ContainerStartLevel.incStartLevel(ModuleContainer.java:1788)
	at org.eclipse.osgi.container.ModuleContainer$ContainerStartLevel.doContainerStartLevel(ModuleContainer.java:1750)
	at org.eclipse.osgi.container.ModuleContainer$ContainerStartLevel.dispatchEvent(ModuleContainer.java:1672)
	at org.eclipse.osgi.container.ModuleContainer$ContainerStartLevel.dispatchEvent(ModuleContainer.java:1)
	at org.eclipse.osgi.framework.eventmgr.EventManager.dispatchEvent(EventManager.java:234)
	at org.eclipse.osgi.framework.eventmgr.EventManager$EventThread.run(EventManager.java:345)

!ENTRY org.eclipse.equinox.p2.reconciler.dropins 4 0 2023-08-22 17:30:43.788
!MESSAGE FrameworkEvent ERROR
!STACK 0
org.osgi.framework.BundleException: Exception in org.eclipse.equinox.internal.p2.reconciler.dropins.Activator.start() of bundle org.eclipse.equinox.p2.reconciler.dropins.
	at org.eclipse.osgi.internal.framework.BundleContextImpl.startActivator(BundleContextImpl.java:839)
	at org.eclipse.osgi.internal.framework.BundleContextImpl.start(BundleContextImpl.java:767)
	at org.eclipse.osgi.internal.framework.EquinoxBundle.startWorker0(EquinoxBundle.java:1032)
	at org.eclipse.osgi.internal.framework.EquinoxBundle$EquinoxModule.startWorker(EquinoxBundle.java:371)
	at org.eclipse.osgi.container.Module.doStart(Module.java:605)
	at org.eclipse.osgi.container.Module.start(Module.java:468)
	at org.eclipse.osgi.container.ModuleContainer$ContainerStartLevel$2.run(ModuleContainer.java:1852)
	at org.eclipse.osgi.internal.framework.EquinoxContainerAdaptor$1$1.execute(EquinoxContainerAdaptor.java:136)
	at org.eclipse.osgi.container.ModuleContainer$ContainerStartLevel.incStartLevel(ModuleContainer.java:1845)
	at org.eclipse.osgi.container.ModuleContainer$ContainerStartLevel.incStartLevel(ModuleContainer.java:1788)
	at org.eclipse.osgi.container.ModuleContainer$ContainerStartLevel.doContainerStartLevel(ModuleContainer.java:1750)
	at org.eclipse.osgi.container.ModuleContainer$ContainerStartLevel.dispatchEvent(ModuleContainer.java:1672)
	at org.eclipse.osgi.container.ModuleContainer$ContainerStartLevel.dispatchEvent(ModuleContainer.java:1)
	at org.eclipse.osgi.framework.eventmgr.EventManager.dispatchEvent(EventManager.java:234)
	at org.eclipse.osgi.framework.eventmgr.EventManager$EventThread.run(EventManager.java:345)
Caused by: java.lang.IllegalStateException: The profile is currently in use.
	at org.eclipse.equinox.internal.p2.engine.SimpleProfileRegistry.lockProfile(SimpleProfileRegistry.java:868)
	at org.eclipse.equinox.internal.p2.engine.Engine.perform(Engine.java:73)
	at org.eclipse.equinox.internal.p2.engine.Engine.perform(Engine.java:49)
	at org.eclipse.equinox.internal.p2.reconciler.dropins.ProfileSynchronizer.executePlan(ProfileSynchronizer.java:792)
	at org.eclipse.equinox.internal.p2.reconciler.dropins.ProfileSynchronizer.performAddRemove(ProfileSynchronizer.java:205)
	at org.eclipse.equinox.internal.p2.reconciler.dropins.ProfileSynchronizer.synchronize(ProfileSynchronizer.java:144)
	at org.eclipse.equinox.internal.p2.reconciler.dropins.Activator.synchronize(Activator.java:444)
	at org.eclipse.equinox.internal.p2.reconciler.dropins.Activator.start(Activator.java:179)
	at org.eclipse.osgi.internal.framework.BundleContextImpl$2.run(BundleContextImpl.java:818)
	at org.eclipse.osgi.internal.framework.BundleContextImpl$2.run(BundleContextImpl.java:1)
	at java.base/java.security.AccessController.doPrivileged(AccessController.java:569)
	at org.eclipse.osgi.internal.framework.BundleContextImpl.startActivator(BundleContextImpl.java:810)
	... 14 more
Root exception:
java.lang.IllegalStateException: The profile is currently in use.
	at org.eclipse.equinox.internal.p2.engine.SimpleProfileRegistry.lockProfile(SimpleProfileRegistry.java:868)
	at org.eclipse.equinox.internal.p2.engine.Engine.perform(Engine.java:73)
	at org.eclipse.equinox.internal.p2.engine.Engine.perform(Engine.java:49)
	at org.eclipse.equinox.internal.p2.reconciler.dropins.ProfileSynchronizer.executePlan(ProfileSynchronizer.java:792)
	at org.eclipse.equinox.internal.p2.reconciler.dropins.ProfileSynchronizer.performAddRemove(ProfileSynchronizer.java:205)
	at org.eclipse.equinox.internal.p2.reconciler.dropins.ProfileSynchronizer.synchronize(ProfileSynchronizer.java:144)
	at org.eclipse.equinox.internal.p2.reconciler.dropins.Activator.synchronize(Activator.java:444)
	at org.eclipse.equinox.internal.p2.reconciler.dropins.Activator.start(Activator.java:179)
	at org.eclipse.osgi.internal.framework.BundleContextImpl$2.run(BundleContextImpl.java:818)
	at org.eclipse.osgi.internal.framework.BundleContextImpl$2.run(BundleContextImpl.java:1)
	at java.base/java.security.AccessController.doPrivileged(AccessController.java:569)
	at org.eclipse.osgi.internal.framework.BundleContextImpl.startActivator(BundleContextImpl.java:810)
	at org.eclipse.osgi.internal.framework.BundleContextImpl.start(BundleContextImpl.java:767)
	at org.eclipse.osgi.internal.framework.EquinoxBundle.startWorker0(EquinoxBundle.java:1032)
	at org.eclipse.osgi.internal.framework.EquinoxBundle$EquinoxModule.startWorker(EquinoxBundle.java:371)
	at org.eclipse.osgi.container.Module.doStart(Module.java:605)
	at org.eclipse.osgi.container.Module.start(Module.java:468)
	at org.eclipse.osgi.container.ModuleContainer$ContainerStartLevel$2.run(ModuleContainer.java:1852)
	at org.eclipse.osgi.internal.framework.EquinoxContainerAdaptor$1$1.execute(EquinoxContainerAdaptor.java:136)
	at org.eclipse.osgi.container.ModuleContainer$ContainerStartLevel.incStartLevel(ModuleContainer.java:1845)
	at org.eclipse.osgi.container.ModuleContainer$ContainerStartLevel.incStartLevel(ModuleContainer.java:1788)
	at org.eclipse.osgi.container.ModuleContainer$ContainerStartLevel.doContainerStartLevel(ModuleContainer.java:1750)
	at org.eclipse.osgi.container.ModuleContainer$ContainerStartLevel.dispatchEvent(ModuleContainer.java:1672)
	at org.eclipse.osgi.container.ModuleContainer$ContainerStartLevel.dispatchEvent(ModuleContainer.java:1)
	at org.eclipse.osgi.framework.eventmgr.EventManager.dispatchEvent(EventManager.java:234)
	at org.eclipse.osgi.framework.eventmgr.EventManager$EventThread.run(EventManager.java:345)
